2016-02-26 11:36:58,870 [Worker-13] INFO  o.e.m.c.i.p.ProjectConfigurationManager - Collecting project info '/pom.xml' /home/bizruntime/Chinna/BizRuntime/workspace/MultiThreading/MultiThreadingEx/pom.xml
2016-02-26 11:37:07,169 [Worker-13] INFO  o.e.m.c.i.l.LifecycleMappingFactory - Using org.eclipse.m2e.jdt.JarLifecycleMapping lifecycle mapping for MavenProject: com.thread:MultiThreadingEx:0.0.1-SNAPSHOT @ /home/bizruntime/Chinna/BizRuntime/workspace/MultiThreading/MultiThreadingEx/pom.xml.
2016-02-26 11:37:10,299 [Worker-13] INFO  o.e.m.j.i.AbstractJavaProjectConfigurator - Adding source folder /MultiThreadingEx/src/main/java
2016-02-26 11:37:10,314 [Worker-13] INFO  o.e.m.j.i.AbstractJavaProjectConfigurator - Adding source folder /MultiThreadingEx/src/test/java
2016-02-26 11:37:13,205 [Worker-13] INFO  o.e.m.c.i.p.ProjectConfigurationManager - Imported and configured 1 project(s) in 14 sec
2016-02-26 11:37:14,964 [Worker-13] INFO  o.e.m.c.i.embedder.EclipseLogger - Using 'UTF-8' encoding to copy filtered resources.
2016-02-26 11:37:14,965 [Worker-13] INFO  o.e.m.c.i.embedder.EclipseLogger - skip non existing resourceDirectory /home/bizruntime/Chinna/BizRuntime/workspace/MultiThreading/MultiThreadingEx/src/main/resources
2016-02-26 11:37:14,971 [Worker-13] INFO  o.e.m.c.i.embedder.EclipseLogger - Using 'UTF-8' encoding to copy filtered resources.
2016-02-26 11:37:14,972 [Worker-13] INFO  o.e.m.c.i.embedder.EclipseLogger - skip non existing resourceDirectory /home/bizruntime/Chinna/BizRuntime/workspace/MultiThreading/MultiThreadingEx/src/test/resources
2016-02-26 11:38:54,885 [Worker-1] INFO  o.e.m.c.i.l.LifecycleMappingFactory - Using org.eclipse.m2e.jdt.JarLifecycleMapping lifecycle mapping for MavenProject: com.thread:MultiThreadingEx:0.0.1-SNAPSHOT @ /home/bizruntime/Chinna/BizRuntime/workspace/MultiThreading/MultiThreadingEx/pom.xml.
2016-02-26 11:38:55,770 [Worker-1] INFO  o.e.m.c.i.embedder.EclipseLogger - Using 'UTF-8' encoding to copy filtered resources.
2016-02-26 11:38:55,771 [Worker-1] INFO  o.e.m.c.i.embedder.EclipseLogger - skip non existing resourceDirectory /home/bizruntime/Chinna/BizRuntime/workspace/MultiThreading/MultiThreadingEx/src/main/resources
2016-02-26 11:38:55,776 [Worker-1] INFO  o.e.m.c.i.embedder.EclipseLogger - Using 'UTF-8' encoding to copy filtered resources.
2016-02-26 11:38:55,776 [Worker-1] INFO  o.e.m.c.i.embedder.EclipseLogger - skip non existing resourceDirectory /home/bizruntime/Chinna/BizRuntime/workspace/MultiThreading/MultiThreadingEx/src/test/resources
2016-02-26 11:38:58,021 [Worker-11] INFO  o.e.m.c.i.embedder.EclipseLogger - Using 'UTF-8' encoding to copy filtered resources.
2016-02-26 11:38:58,022 [Worker-11] INFO  o.e.m.c.i.embedder.EclipseLogger - skip non existing resourceDirectory /home/bizruntime/Chinna/BizRuntime/workspace/MultiThreading/MultiThreadingEx/src/main/resources
2016-02-26 11:38:58,029 [Worker-11] INFO  o.e.m.c.i.embedder.EclipseLogger - Using 'UTF-8' encoding to copy filtered resources.
2016-02-26 11:38:58,030 [Worker-11] INFO  o.e.m.c.i.embedder.EclipseLogger - skip non existing resourceDirectory /home/bizruntime/Chinna/BizRuntime/workspace/MultiThreading/MultiThreadingEx/src/test/resources
2016-02-26 11:39:18,466 [Worker-15] INFO  o.e.m.c.i.embedder.EclipseLogger - Using 'UTF-8' encoding to copy filtered resources.
2016-02-26 11:39:18,566 [Worker-15] INFO  o.e.m.c.i.embedder.EclipseLogger - Copying 0 resource
2016-02-26 11:39:18,580 [Worker-15] INFO  o.e.m.c.i.embedder.EclipseLogger - Using 'UTF-8' encoding to copy filtered resources.
2016-02-26 11:39:18,581 [Worker-15] INFO  o.e.m.c.i.embedder.EclipseLogger - skip non existing resourceDirectory /home/bizruntime/Chinna/BizRuntime/workspace/MultiThreading/MultiThreadingEx/src/test/resources
2016-02-26 11:39:45,889 [Worker-1] INFO  o.e.m.c.i.embedder.EclipseLogger - Using 'UTF-8' encoding to copy filtered resources.
2016-02-26 11:39:45,896 [Worker-1] INFO  o.e.m.c.i.embedder.EclipseLogger - Copying 0 resource
2016-02-26 11:39:45,910 [Worker-1] INFO  o.e.m.c.i.embedder.EclipseLogger - Using 'UTF-8' encoding to copy filtered resources.
2016-02-26 11:39:45,910 [Worker-1] INFO  o.e.m.c.i.embedder.EclipseLogger - skip non existing resourceDirectory /home/bizruntime/Chinna/BizRuntime/workspace/MultiThreading/MultiThreadingEx/src/test/resources
2016-02-26 11:39:48,232 [Worker-1] INFO  o.e.m.c.i.embedder.EclipseLogger - Using 'UTF-8' encoding to copy filtered resources.
2016-02-26 11:39:48,239 [Worker-1] INFO  o.e.m.c.i.embedder.EclipseLogger - Copying 0 resource
2016-02-26 11:39:48,248 [Worker-1] INFO  o.e.m.c.i.embedder.EclipseLogger - Using 'UTF-8' encoding to copy filtered resources.
2016-02-26 11:39:48,248 [Worker-1] INFO  o.e.m.c.i.embedder.EclipseLogger - skip non existing resourceDirectory /home/bizruntime/Chinna/BizRuntime/workspace/MultiThreading/MultiThreadingEx/src/test/resources
2016-02-26 11:40:12,465 [Worker-1] INFO  o.e.m.c.i.embedder.EclipseLogger - Using 'UTF-8' encoding to copy filtered resources.
2016-02-26 11:40:12,468 [Worker-1] INFO  o.e.m.c.i.embedder.EclipseLogger - Copying 0 resource
2016-02-26 11:40:12,476 [Worker-1] INFO  o.e.m.c.i.embedder.EclipseLogger - Using 'UTF-8' encoding to copy filtered resources.
2016-02-26 11:40:12,478 [Worker-1] INFO  o.e.m.c.i.embedder.EclipseLogger - skip non existing resourceDirectory /home/bizruntime/Chinna/BizRuntime/workspace/MultiThreading/MultiThreadingEx/src/test/resources
2016-02-26 11:42:05,764 [Worker-12] INFO  o.e.m.c.i.embedder.EclipseLogger - Using 'UTF-8' encoding to copy filtered resources.
2016-02-26 11:42:05,766 [Worker-12] INFO  o.e.m.c.i.embedder.EclipseLogger - Copying 0 resource
2016-02-26 11:42:05,798 [Worker-12] INFO  o.e.m.c.i.embedder.EclipseLogger - Using 'UTF-8' encoding to copy filtered resources.
2016-02-26 11:42:05,799 [Worker-12] INFO  o.e.m.c.i.embedder.EclipseLogger - skip non existing resourceDirectory /home/bizruntime/Chinna/BizRuntime/workspace/MultiThreading/MultiThreadingEx/src/test/resources
2016-02-26 11:42:53,972 [Worker-1] INFO  o.e.m.c.i.embedder.EclipseLogger - Using 'UTF-8' encoding to copy filtered resources.
2016-02-26 11:42:53,979 [Worker-1] INFO  o.e.m.c.i.embedder.EclipseLogger - Copying 1 resource
2016-02-26 11:42:54,048 [Worker-1] INFO  o.e.m.c.i.embedder.EclipseLogger - Using 'UTF-8' encoding to copy filtered resources.
2016-02-26 11:42:54,049 [Worker-1] INFO  o.e.m.c.i.embedder.EclipseLogger - skip non existing resourceDirectory /home/bizruntime/Chinna/BizRuntime/workspace/MultiThreading/MultiThreadingEx/src/test/resources
2016-02-26 11:44:24,770 [Worker-11] INFO  o.e.m.c.i.embedder.EclipseLogger - Using 'UTF-8' encoding to copy filtered resources.
2016-02-26 11:44:24,779 [Worker-11] INFO  o.e.m.c.i.embedder.EclipseLogger - Copying 1 resource
2016-02-26 11:44:24,790 [Worker-11] INFO  o.e.m.c.i.embedder.EclipseLogger - Using 'UTF-8' encoding to copy filtered resources.
2016-02-26 11:44:24,790 [Worker-11] INFO  o.e.m.c.i.embedder.EclipseLogger - skip non existing resourceDirectory /home/bizruntime/Chinna/BizRuntime/workspace/MultiThreading/MultiThreadingEx/src/test/resources
2016-02-26 11:47:30,886 [Worker-10] INFO  o.e.m.c.i.embedder.EclipseLogger - Using 'UTF-8' encoding to copy filtered resources.
2016-02-26 11:47:30,887 [Worker-10] INFO  o.e.m.c.i.embedder.EclipseLogger - Copying 1 resource
2016-02-26 11:47:30,894 [Worker-10] INFO  o.e.m.c.i.embedder.EclipseLogger - Using 'UTF-8' encoding to copy filtered resources.
2016-02-26 11:47:30,894 [Worker-10] INFO  o.e.m.c.i.embedder.EclipseLogger - skip non existing resourceDirectory /home/bizruntime/Chinna/BizRuntime/workspace/MultiThreading/MultiThreadingEx/src/test/resources
2016-02-26 11:49:30,068 [Worker-12] INFO  o.e.m.c.i.embedder.EclipseLogger - Using 'UTF-8' encoding to copy filtered resources.
2016-02-26 11:49:30,069 [Worker-12] INFO  o.e.m.c.i.embedder.EclipseLogger - Copying 1 resource
2016-02-26 11:49:30,075 [Worker-12] INFO  o.e.m.c.i.embedder.EclipseLogger - Using 'UTF-8' encoding to copy filtered resources.
2016-02-26 11:49:30,075 [Worker-12] INFO  o.e.m.c.i.embedder.EclipseLogger - skip non existing resourceDirectory /home/bizruntime/Chinna/BizRuntime/workspace/MultiThreading/MultiThreadingEx/src/test/resources
2016-02-26 11:49:46,204 [Worker-16] INFO  o.e.m.c.i.embedder.EclipseLogger - Using 'UTF-8' encoding to copy filtered resources.
2016-02-26 11:49:46,212 [Worker-16] INFO  o.e.m.c.i.embedder.EclipseLogger - Copying 1 resource
2016-02-26 11:49:46,216 [Worker-16] INFO  o.e.m.c.i.embedder.EclipseLogger - Using 'UTF-8' encoding to copy filtered resources.
2016-02-26 11:49:46,216 [Worker-16] INFO  o.e.m.c.i.embedder.EclipseLogger - skip non existing resourceDirectory /home/bizruntime/Chinna/BizRuntime/workspace/MultiThreading/MultiThreadingEx/src/test/resources
2016-02-26 11:50:23,341 [Worker-16] INFO  o.e.m.c.i.embedder.EclipseLogger - Using 'UTF-8' encoding to copy filtered resources.
2016-02-26 11:50:23,342 [Worker-16] INFO  o.e.m.c.i.embedder.EclipseLogger - Copying 1 resource
2016-02-26 11:50:23,356 [Worker-16] INFO  o.e.m.c.i.embedder.EclipseLogger - Using 'UTF-8' encoding to copy filtered resources.
2016-02-26 11:50:23,356 [Worker-16] INFO  o.e.m.c.i.embedder.EclipseLogger - skip non existing resourceDirectory /home/bizruntime/Chinna/BizRuntime/workspace/MultiThreading/MultiThreadingEx/src/test/resources
2016-02-26 11:51:18,827 [Worker-11] INFO  o.e.m.c.i.embedder.EclipseLogger - Using 'UTF-8' encoding to copy filtered resources.
2016-02-26 11:51:18,828 [Worker-11] INFO  o.e.m.c.i.embedder.EclipseLogger - Copying 1 resource
2016-02-26 11:51:18,843 [Worker-11] INFO  o.e.m.c.i.embedder.EclipseLogger - Using 'UTF-8' encoding to copy filtered resources.
2016-02-26 11:51:18,843 [Worker-11] INFO  o.e.m.c.i.embedder.EclipseLogger - skip non existing resourceDirectory /home/bizruntime/Chinna/BizRuntime/workspace/MultiThreading/MultiThreadingEx/src/test/resources
2016-02-26 11:51:45,011 [Worker-16] INFO  o.e.m.c.i.embedder.EclipseLogger - Using 'UTF-8' encoding to copy filtered resources.
2016-02-26 11:51:45,011 [Worker-16] INFO  o.e.m.c.i.embedder.EclipseLogger - Copying 1 resource
2016-02-26 11:51:45,032 [Worker-16] INFO  o.e.m.c.i.embedder.EclipseLogger - Using 'UTF-8' encoding to copy filtered resources.
2016-02-26 11:51:45,033 [Worker-16] INFO  o.e.m.c.i.embedder.EclipseLogger - skip non existing resourceDirectory /home/bizruntime/Chinna/BizRuntime/workspace/MultiThreading/MultiThreadingEx/src/test/resources
2016-02-26 11:53:36,789 [Worker-17] INFO  o.e.m.c.i.embedder.EclipseLogger - Using 'UTF-8' encoding to copy filtered resources.
2016-02-26 11:53:36,790 [Worker-17] INFO  o.e.m.c.i.embedder.EclipseLogger - Copying 1 resource
2016-02-26 11:53:36,804 [Worker-17] INFO  o.e.m.c.i.embedder.EclipseLogger - Using 'UTF-8' encoding to copy filtered resources.
2016-02-26 11:53:36,804 [Worker-17] INFO  o.e.m.c.i.embedder.EclipseLogger - skip non existing resourceDirectory /home/bizruntime/Chinna/BizRuntime/workspace/MultiThreading/MultiThreadingEx/src/test/resources
2016-02-26 11:54:12,383 [Worker-18] INFO  o.e.m.c.i.embedder.EclipseLogger - Using 'UTF-8' encoding to copy filtered resources.
2016-02-26 11:54:12,383 [Worker-18] INFO  o.e.m.c.i.embedder.EclipseLogger - Copying 1 resource
2016-02-26 11:54:12,386 [Worker-18] INFO  o.e.m.c.i.embedder.EclipseLogger - Using 'UTF-8' encoding to copy filtered resources.
2016-02-26 11:54:12,386 [Worker-18] INFO  o.e.m.c.i.embedder.EclipseLogger - skip non existing resourceDirectory /home/bizruntime/Chinna/BizRuntime/workspace/MultiThreading/MultiThreadingEx/src/test/resources
2016-02-26 11:54:17,085 [Worker-12] INFO  o.e.m.c.i.embedder.EclipseLogger - Using 'UTF-8' encoding to copy filtered resources.
2016-02-26 11:54:17,086 [Worker-12] INFO  o.e.m.c.i.embedder.EclipseLogger - Copying 1 resource
2016-02-26 11:54:17,094 [Worker-12] INFO  o.e.m.c.i.embedder.EclipseLogger - Using 'UTF-8' encoding to copy filtered resources.
2016-02-26 11:54:17,095 [Worker-12] INFO  o.e.m.c.i.embedder.EclipseLogger - skip non existing resourceDirectory /home/bizruntime/Chinna/BizRuntime/workspace/MultiThreading/MultiThreadingEx/src/test/resources
2016-02-26 12:04:17,300 [Worker-17] INFO  o.e.m.c.i.embedder.EclipseLogger - Using 'UTF-8' encoding to copy filtered resources.
2016-02-26 12:04:17,310 [Worker-17] INFO  o.e.m.c.i.embedder.EclipseLogger - Copying 1 resource
2016-02-26 12:04:17,316 [Worker-17] INFO  o.e.m.c.i.embedder.EclipseLogger - Using 'UTF-8' encoding to copy filtered resources.
2016-02-26 12:04:17,316 [Worker-17] INFO  o.e.m.c.i.embedder.EclipseLogger - skip non existing resourceDirectory /home/bizruntime/Chinna/BizRuntime/workspace/MultiThreading/MultiThreadingEx/src/test/resources
2016-02-26 12:05:02,380 [Worker-18] INFO  o.e.m.c.i.embedder.EclipseLogger - Using 'UTF-8' encoding to copy filtered resources.
2016-02-26 12:05:02,381 [Worker-18] INFO  o.e.m.c.i.embedder.EclipseLogger - Copying 1 resource
2016-02-26 12:05:02,383 [Worker-18] INFO  o.e.m.c.i.embedder.EclipseLogger - Using 'UTF-8' encoding to copy filtered resources.
2016-02-26 12:05:02,383 [Worker-18] INFO  o.e.m.c.i.embedder.EclipseLogger - skip non existing resourceDirectory /home/bizruntime/Chinna/BizRuntime/workspace/MultiThreading/MultiThreadingEx/src/test/resources
2016-02-26 12:06:35,764 [Worker-22] INFO  o.e.m.c.i.embedder.EclipseLogger - Using 'UTF-8' encoding to copy filtered resources.
2016-02-26 12:06:35,765 [Worker-22] INFO  o.e.m.c.i.embedder.EclipseLogger - Copying 1 resource
2016-02-26 12:06:35,777 [Worker-22] INFO  o.e.m.c.i.embedder.EclipseLogger - Using 'UTF-8' encoding to copy filtered resources.
2016-02-26 12:06:35,777 [Worker-22] INFO  o.e.m.c.i.embedder.EclipseLogger - skip non existing resourceDirectory /home/bizruntime/Chinna/BizRuntime/workspace/MultiThreading/MultiThreadingEx/src/test/resources
2016-02-26 12:06:58,541 [Worker-23] INFO  o.e.m.c.i.embedder.EclipseLogger - Using 'UTF-8' encoding to copy filtered resources.
2016-02-26 12:06:58,542 [Worker-23] INFO  o.e.m.c.i.embedder.EclipseLogger - Copying 1 resource
2016-02-26 12:06:58,545 [Worker-23] INFO  o.e.m.c.i.embedder.EclipseLogger - Using 'UTF-8' encoding to copy filtered resources.
2016-02-26 12:06:58,546 [Worker-23] INFO  o.e.m.c.i.embedder.EclipseLogger - skip non existing resourceDirectory /home/bizruntime/Chinna/BizRuntime/workspace/MultiThreading/MultiThreadingEx/src/test/resources
2016-02-26 12:07:10,114 [Worker-22] INFO  o.e.m.c.i.embedder.EclipseLogger - Using 'UTF-8' encoding to copy filtered resources.
2016-02-26 12:07:10,115 [Worker-22] INFO  o.e.m.c.i.embedder.EclipseLogger - Copying 1 resource
2016-02-26 12:07:10,118 [Worker-22] INFO  o.e.m.c.i.embedder.EclipseLogger - Using 'UTF-8' encoding to copy filtered resources.
2016-02-26 12:07:10,118 [Worker-22] INFO  o.e.m.c.i.embedder.EclipseLogger - skip non existing resourceDirectory /home/bizruntime/Chinna/BizRuntime/workspace/MultiThreading/MultiThreadingEx/src/test/resources
2016-02-26 12:07:15,662 [Worker-17] INFO  o.e.m.c.i.embedder.EclipseLogger - Using 'UTF-8' encoding to copy filtered resources.
2016-02-26 12:07:15,663 [Worker-17] INFO  o.e.m.c.i.embedder.EclipseLogger - Copying 1 resource
2016-02-26 12:07:15,673 [Worker-17] INFO  o.e.m.c.i.embedder.EclipseLogger - Using 'UTF-8' encoding to copy filtered resources.
2016-02-26 12:07:15,674 [Worker-17] INFO  o.e.m.c.i.embedder.EclipseLogger - skip non existing resourceDirectory /home/bizruntime/Chinna/BizRuntime/workspace/MultiThreading/MultiThreadingEx/src/test/resources
2016-02-26 12:07:33,781 [Worker-17] INFO  o.e.m.c.i.embedder.EclipseLogger - Using 'UTF-8' encoding to copy filtered resources.
2016-02-26 12:07:33,781 [Worker-17] INFO  o.e.m.c.i.embedder.EclipseLogger - Copying 1 resource
2016-02-26 12:07:33,793 [Worker-17] INFO  o.e.m.c.i.embedder.EclipseLogger - Using 'UTF-8' encoding to copy filtered resources.
2016-02-26 12:07:33,793 [Worker-17] INFO  o.e.m.c.i.embedder.EclipseLogger - skip non existing resourceDirectory /home/bizruntime/Chinna/BizRuntime/workspace/MultiThreading/MultiThreadingEx/src/test/resources
2016-02-26 12:14:40,053 [Worker-25] INFO  o.e.m.c.i.embedder.EclipseLogger - Using 'UTF-8' encoding to copy filtered resources.
2016-02-26 12:14:40,056 [Worker-25] INFO  o.e.m.c.i.embedder.EclipseLogger - Copying 1 resource
2016-02-26 12:14:40,068 [Worker-25] INFO  o.e.m.c.i.embedder.EclipseLogger - Using 'UTF-8' encoding to copy filtered resources.
2016-02-26 12:14:40,069 [Worker-25] INFO  o.e.m.c.i.embedder.EclipseLogger - skip non existing resourceDirectory /home/bizruntime/Chinna/BizRuntime/workspace/MultiThreading/MultiThreadingEx/src/test/resources
2016-02-26 12:16:48,995 [Worker-29] INFO  o.e.m.c.i.embedder.EclipseLogger - Using 'UTF-8' encoding to copy filtered resources.
2016-02-26 12:16:49,000 [Worker-29] INFO  o.e.m.c.i.embedder.EclipseLogger - Copying 1 resource
2016-02-26 12:16:49,008 [Worker-29] INFO  o.e.m.c.i.embedder.EclipseLogger - Using 'UTF-8' encoding to copy filtered resources.
2016-02-26 12:16:49,008 [Worker-29] INFO  o.e.m.c.i.embedder.EclipseLogger - skip non existing resourceDirectory /home/bizruntime/Chinna/BizRuntime/workspace/MultiThreading/MultiThreadingEx/src/test/resources
2016-02-26 12:18:51,291 [Worker-23] INFO  o.e.m.c.i.embedder.EclipseLogger - Using 'UTF-8' encoding to copy filtered resources.
2016-02-26 12:18:51,292 [Worker-23] INFO  o.e.m.c.i.embedder.EclipseLogger - Copying 1 resource
2016-02-26 12:18:51,320 [Worker-23] INFO  o.e.m.c.i.embedder.EclipseLogger - Using 'UTF-8' encoding to copy filtered resources.
2016-02-26 12:18:51,320 [Worker-23] INFO  o.e.m.c.i.embedder.EclipseLogger - skip non existing resourceDirectory /home/bizruntime/Chinna/BizRuntime/workspace/MultiThreading/MultiThreadingEx/src/test/resources
2016-02-26 12:19:33,228 [Worker-28] INFO  o.e.m.c.i.embedder.EclipseLogger - Using 'UTF-8' encoding to copy filtered resources.
2016-02-26 12:19:33,236 [Worker-28] INFO  o.e.m.c.i.embedder.EclipseLogger - Copying 1 resource
2016-02-26 12:19:33,238 [Worker-28] INFO  o.e.m.c.i.embedder.EclipseLogger - Using 'UTF-8' encoding to copy filtered resources.
2016-02-26 12:19:33,251 [Worker-28] INFO  o.e.m.c.i.embedder.EclipseLogger - skip non existing resourceDirectory /home/bizruntime/Chinna/BizRuntime/workspace/MultiThreading/MultiThreadingEx/src/test/resources
2016-02-26 12:20:07,574 [Worker-31] INFO  o.e.m.c.i.embedder.EclipseLogger - Using 'UTF-8' encoding to copy filtered resources.
2016-02-26 12:20:07,590 [Worker-31] INFO  o.e.m.c.i.embedder.EclipseLogger - Copying 1 resource
2016-02-26 12:20:07,594 [Worker-31] INFO  o.e.m.c.i.embedder.EclipseLogger - Using 'UTF-8' encoding to copy filtered resources.
2016-02-26 12:20:07,594 [Worker-31] INFO  o.e.m.c.i.embedder.EclipseLogger - skip non existing resourceDirectory /home/bizruntime/Chinna/BizRuntime/workspace/MultiThreading/MultiThreadingEx/src/test/resources
2016-02-26 12:21:46,047 [Worker-23] INFO  o.e.m.c.i.embedder.EclipseLogger - Using 'UTF-8' encoding to copy filtered resources.
2016-02-26 12:21:46,048 [Worker-23] INFO  o.e.m.c.i.embedder.EclipseLogger - Copying 1 resource
2016-02-26 12:21:46,050 [Worker-23] INFO  o.e.m.c.i.embedder.EclipseLogger - Using 'UTF-8' encoding to copy filtered resources.
2016-02-26 12:21:46,051 [Worker-23] INFO  o.e.m.c.i.embedder.EclipseLogger - skip non existing resourceDirectory /home/bizruntime/Chinna/BizRuntime/workspace/MultiThreading/MultiThreadingEx/src/test/resources
2016-02-26 12:22:09,624 [Worker-28] INFO  o.e.m.c.i.embedder.EclipseLogger - Using 'UTF-8' encoding to copy filtered resources.
2016-02-26 12:22:09,634 [Worker-28] INFO  o.e.m.c.i.embedder.EclipseLogger - Copying 1 resource
2016-02-26 12:22:09,641 [Worker-28] INFO  o.e.m.c.i.embedder.EclipseLogger - Using 'UTF-8' encoding to copy filtered resources.
2016-02-26 12:22:09,642 [Worker-28] INFO  o.e.m.c.i.embedder.EclipseLogger - skip non existing resourceDirectory /home/bizruntime/Chinna/BizRuntime/workspace/MultiThreading/MultiThreadingEx/src/test/resources
2016-02-26 12:22:27,004 [Worker-29] INFO  o.e.m.c.i.embedder.EclipseLogger - Using 'UTF-8' encoding to copy filtered resources.
2016-02-26 12:22:27,016 [Worker-29] INFO  o.e.m.c.i.embedder.EclipseLogger - Copying 1 resource
2016-02-26 12:22:27,019 [Worker-29] INFO  o.e.m.c.i.embedder.EclipseLogger - Using 'UTF-8' encoding to copy filtered resources.
2016-02-26 12:22:27,019 [Worker-29] INFO  o.e.m.c.i.embedder.EclipseLogger - skip non existing resourceDirectory /home/bizruntime/Chinna/BizRuntime/workspace/MultiThreading/MultiThreadingEx/src/test/resources
2016-02-26 12:22:34,542 [Worker-23] INFO  o.e.m.c.i.embedder.EclipseLogger - Using 'UTF-8' encoding to copy filtered resources.
2016-02-26 12:22:34,542 [Worker-23] INFO  o.e.m.c.i.embedder.EclipseLogger - Copying 1 resource
2016-02-26 12:22:34,548 [Worker-23] INFO  o.e.m.c.i.embedder.EclipseLogger - Using 'UTF-8' encoding to copy filtered resources.
2016-02-26 12:22:34,548 [Worker-23] INFO  o.e.m.c.i.embedder.EclipseLogger - skip non existing resourceDirectory /home/bizruntime/Chinna/BizRuntime/workspace/MultiThreading/MultiThreadingEx/src/test/resources
2016-02-26 12:23:29,757 [Worker-31] INFO  o.e.m.c.i.embedder.EclipseLogger - Using 'UTF-8' encoding to copy filtered resources.
2016-02-26 12:23:29,758 [Worker-31] INFO  o.e.m.c.i.embedder.EclipseLogger - Copying 1 resource
2016-02-26 12:23:29,787 [Worker-31] INFO  o.e.m.c.i.embedder.EclipseLogger - Using 'UTF-8' encoding to copy filtered resources.
2016-02-26 12:23:29,787 [Worker-31] INFO  o.e.m.c.i.embedder.EclipseLogger - skip non existing resourceDirectory /home/bizruntime/Chinna/BizRuntime/workspace/MultiThreading/MultiThreadingEx/src/test/resources
2016-02-26 12:24:25,625 [Worker-23] INFO  o.e.m.c.i.embedder.EclipseLogger - Using 'UTF-8' encoding to copy filtered resources.
2016-02-26 12:24:25,626 [Worker-23] INFO  o.e.m.c.i.embedder.EclipseLogger - Copying 1 resource
2016-02-26 12:24:25,642 [Worker-23] INFO  o.e.m.c.i.embedder.EclipseLogger - Using 'UTF-8' encoding to copy filtered resources.
2016-02-26 12:24:25,643 [Worker-23] INFO  o.e.m.c.i.embedder.EclipseLogger - skip non existing resourceDirectory /home/bizruntime/Chinna/BizRuntime/workspace/MultiThreading/MultiThreadingEx/src/test/resources
2016-02-26 12:24:58,882 [Worker-30] INFO  o.e.m.c.i.embedder.EclipseLogger - Using 'UTF-8' encoding to copy filtered resources.
2016-02-26 12:24:58,882 [Worker-30] INFO  o.e.m.c.i.embedder.EclipseLogger - Copying 1 resource
2016-02-26 12:24:58,887 [Worker-30] INFO  o.e.m.c.i.embedder.EclipseLogger - Using 'UTF-8' encoding to copy filtered resources.
2016-02-26 12:24:58,887 [Worker-30] INFO  o.e.m.c.i.embedder.EclipseLogger - skip non existing resourceDirectory /home/bizruntime/Chinna/BizRuntime/workspace/MultiThreading/MultiThreadingEx/src/test/resources
2016-02-26 12:25:14,100 [Worker-31] INFO  o.e.m.c.i.embedder.EclipseLogger - Using 'UTF-8' encoding to copy filtered resources.
2016-02-26 12:25:14,100 [Worker-31] INFO  o.e.m.c.i.embedder.EclipseLogger - Copying 1 resource
2016-02-26 12:25:14,104 [Worker-31] INFO  o.e.m.c.i.embedder.EclipseLogger - Using 'UTF-8' encoding to copy filtered resources.
2016-02-26 12:25:14,105 [Worker-31] INFO  o.e.m.c.i.embedder.EclipseLogger - skip non existing resourceDirectory /home/bizruntime/Chinna/BizRuntime/workspace/MultiThreading/MultiThreadingEx/src/test/resources
2016-02-26 12:25:28,779 [Worker-30] INFO  o.e.m.c.i.embedder.EclipseLogger - Using 'UTF-8' encoding to copy filtered resources.
2016-02-26 12:25:28,780 [Worker-30] INFO  o.e.m.c.i.embedder.EclipseLogger - Copying 1 resource
2016-02-26 12:25:28,782 [Worker-30] INFO  o.e.m.c.i.embedder.EclipseLogger - Using 'UTF-8' encoding to copy filtered resources.
2016-02-26 12:25:28,783 [Worker-30] INFO  o.e.m.c.i.embedder.EclipseLogger - skip non existing resourceDirectory /home/bizruntime/Chinna/BizRuntime/workspace/MultiThreading/MultiThreadingEx/src/test/resources
2016-02-26 12:26:18,264 [Worker-30] INFO  o.e.m.c.i.embedder.EclipseLogger - Using 'UTF-8' encoding to copy filtered resources.
2016-02-26 12:26:18,265 [Worker-30] INFO  o.e.m.c.i.embedder.EclipseLogger - Copying 1 resource
2016-02-26 12:26:18,267 [Worker-30] INFO  o.e.m.c.i.embedder.EclipseLogger - Using 'UTF-8' encoding to copy filtered resources.
2016-02-26 12:26:18,268 [Worker-30] INFO  o.e.m.c.i.embedder.EclipseLogger - skip non existing resourceDirectory /home/bizruntime/Chinna/BizRuntime/workspace/MultiThreading/MultiThreadingEx/src/test/resources
2016-02-26 12:26:47,470 [Worker-30] INFO  o.e.m.c.i.embedder.EclipseLogger - Using 'UTF-8' encoding to copy filtered resources.
2016-02-26 12:26:47,474 [Worker-30] INFO  o.e.m.c.i.embedder.EclipseLogger - Copying 1 resource
2016-02-26 12:26:47,493 [Worker-30] INFO  o.e.m.c.i.embedder.EclipseLogger - Using 'UTF-8' encoding to copy filtered resources.
2016-02-26 12:26:47,493 [Worker-30] INFO  o.e.m.c.i.embedder.EclipseLogger - skip non existing resourceDirectory /home/bizruntime/Chinna/BizRuntime/workspace/MultiThreading/MultiThreadingEx/src/test/resources
2016-02-26 12:26:57,758 [Worker-23] INFO  o.e.m.c.i.embedder.EclipseLogger - Using 'UTF-8' encoding to copy filtered resources.
2016-02-26 12:26:57,758 [Worker-23] INFO  o.e.m.c.i.embedder.EclipseLogger - Copying 1 resource
2016-02-26 12:26:57,760 [Worker-23] INFO  o.e.m.c.i.embedder.EclipseLogger - Using 'UTF-8' encoding to copy filtered resources.
2016-02-26 12:26:57,761 [Worker-23] INFO  o.e.m.c.i.embedder.EclipseLogger - skip non existing resourceDirectory /home/bizruntime/Chinna/BizRuntime/workspace/MultiThreading/MultiThreadingEx/src/test/resources
2016-02-26 12:27:48,709 [Worker-30] INFO  o.e.m.c.i.embedder.EclipseLogger - Using 'UTF-8' encoding to copy filtered resources.
2016-02-26 12:27:48,710 [Worker-30] INFO  o.e.m.c.i.embedder.EclipseLogger - Copying 1 resource
2016-02-26 12:27:48,716 [Worker-30] INFO  o.e.m.c.i.embedder.EclipseLogger - Using 'UTF-8' encoding to copy filtered resources.
2016-02-26 12:27:48,717 [Worker-30] INFO  o.e.m.c.i.embedder.EclipseLogger - skip non existing resourceDirectory /home/bizruntime/Chinna/BizRuntime/workspace/MultiThreading/MultiThreadingEx/src/test/resources
2016-02-26 12:27:57,455 [Worker-28] INFO  o.e.m.c.i.embedder.EclipseLogger - Using 'UTF-8' encoding to copy filtered resources.
2016-02-26 12:27:57,456 [Worker-28] INFO  o.e.m.c.i.embedder.EclipseLogger - Copying 1 resource
2016-02-26 12:27:57,465 [Worker-28] INFO  o.e.m.c.i.embedder.EclipseLogger - Using 'UTF-8' encoding to copy filtered resources.
2016-02-26 12:27:57,466 [Worker-28] INFO  o.e.m.c.i.embedder.EclipseLogger - skip non existing resourceDirectory /home/bizruntime/Chinna/BizRuntime/workspace/MultiThreading/MultiThreadingEx/src/test/resources
2016-02-26 12:29:50,351 [Worker-23] INFO  o.e.m.c.i.embedder.EclipseLogger - Using 'UTF-8' encoding to copy filtered resources.
2016-02-26 12:29:50,352 [Worker-23] INFO  o.e.m.c.i.embedder.EclipseLogger - Copying 1 resource
2016-02-26 12:29:50,354 [Worker-23] INFO  o.e.m.c.i.embedder.EclipseLogger - Using 'UTF-8' encoding to copy filtered resources.
2016-02-26 12:29:50,354 [Worker-23] INFO  o.e.m.c.i.embedder.EclipseLogger - skip non existing resourceDirectory /home/bizruntime/Chinna/BizRuntime/workspace/MultiThreading/MultiThreadingEx/src/test/resources
2016-02-26 12:30:26,039 [Worker-28] INFO  o.e.m.c.i.embedder.EclipseLogger - Using 'UTF-8' encoding to copy filtered resources.
2016-02-26 12:30:26,041 [Worker-28] INFO  o.e.m.c.i.embedder.EclipseLogger - Copying 1 resource
2016-02-26 12:30:26,049 [Worker-28] INFO  o.e.m.c.i.embedder.EclipseLogger - Using 'UTF-8' encoding to copy filtered resources.
2016-02-26 12:30:26,049 [Worker-28] INFO  o.e.m.c.i.embedder.EclipseLogger - skip non existing resourceDirectory /home/bizruntime/Chinna/BizRuntime/workspace/MultiThreading/MultiThreadingEx/src/test/resources
2016-02-26 12:30:50,277 [Worker-23] INFO  o.e.m.c.i.embedder.EclipseLogger - Using 'UTF-8' encoding to copy filtered resources.
2016-02-26 12:30:50,278 [Worker-23] INFO  o.e.m.c.i.embedder.EclipseLogger - Copying 1 resource
2016-02-26 12:30:50,285 [Worker-23] INFO  o.e.m.c.i.embedder.EclipseLogger - Using 'UTF-8' encoding to copy filtered resources.
2016-02-26 12:30:50,285 [Worker-23] INFO  o.e.m.c.i.embedder.EclipseLogger - skip non existing resourceDirectory /home/bizruntime/Chinna/BizRuntime/workspace/MultiThreading/MultiThreadingEx/src/test/resources
2016-02-26 12:31:12,524 [Worker-28] INFO  o.e.m.c.i.embedder.EclipseLogger - Using 'UTF-8' encoding to copy filtered resources.
2016-02-26 12:31:12,525 [Worker-28] INFO  o.e.m.c.i.embedder.EclipseLogger - Copying 1 resource
2016-02-26 12:31:12,529 [Worker-28] INFO  o.e.m.c.i.embedder.EclipseLogger - Using 'UTF-8' encoding to copy filtered resources.
2016-02-26 12:31:12,529 [Worker-28] INFO  o.e.m.c.i.embedder.EclipseLogger - skip non existing resourceDirectory /home/bizruntime/Chinna/BizRuntime/workspace/MultiThreading/MultiThreadingEx/src/test/resources
2016-02-26 12:31:25,454 [Worker-23] INFO  o.e.m.c.i.embedder.EclipseLogger - Using 'UTF-8' encoding to copy filtered resources.
2016-02-26 12:31:25,458 [Worker-23] INFO  o.e.m.c.i.embedder.EclipseLogger - Copying 1 resource
2016-02-26 12:31:25,472 [Worker-23] INFO  o.e.m.c.i.embedder.EclipseLogger - Using 'UTF-8' encoding to copy filtered resources.
2016-02-26 12:31:25,473 [Worker-23] INFO  o.e.m.c.i.embedder.EclipseLogger - skip non existing resourceDirectory /home/bizruntime/Chinna/BizRuntime/workspace/MultiThreading/MultiThreadingEx/src/test/resources
2016-02-26 12:33:22,151 [Worker-29] INFO  o.e.m.c.i.embedder.EclipseLogger - Using 'UTF-8' encoding to copy filtered resources.
2016-02-26 12:33:22,152 [Worker-29] INFO  o.e.m.c.i.embedder.EclipseLogger - Copying 1 resource
2016-02-26 12:33:22,163 [Worker-29] INFO  o.e.m.c.i.embedder.EclipseLogger - Using 'UTF-8' encoding to copy filtered resources.
2016-02-26 12:33:22,165 [Worker-29] INFO  o.e.m.c.i.embedder.EclipseLogger - skip non existing resourceDirectory /home/bizruntime/Chinna/BizRuntime/workspace/MultiThreading/MultiThreadingEx/src/test/resources
2016-02-26 12:33:31,946 [Worker-33] INFO  o.e.m.c.i.embedder.EclipseLogger - Using 'UTF-8' encoding to copy filtered resources.
2016-02-26 12:33:31,948 [Worker-33] INFO  o.e.m.c.i.embedder.EclipseLogger - Copying 1 resource
2016-02-26 12:33:31,956 [Worker-33] INFO  o.e.m.c.i.embedder.EclipseLogger - Using 'UTF-8' encoding to copy filtered resources.
2016-02-26 12:33:31,956 [Worker-33] INFO  o.e.m.c.i.embedder.EclipseLogger - skip non existing resourceDirectory /home/bizruntime/Chinna/BizRuntime/workspace/MultiThreading/MultiThreadingEx/src/test/resources
2016-02-26 12:34:54,022 [Worker-34] INFO  o.e.m.c.i.embedder.EclipseLogger - Using 'UTF-8' encoding to copy filtered resources.
2016-02-26 12:34:54,022 [Worker-34] INFO  o.e.m.c.i.embedder.EclipseLogger - Copying 1 resource
2016-02-26 12:34:54,024 [Worker-34] INFO  o.e.m.c.i.embedder.EclipseLogger - Using 'UTF-8' encoding to copy filtered resources.
2016-02-26 12:34:54,029 [Worker-34] INFO  o.e.m.c.i.embedder.EclipseLogger - skip non existing resourceDirectory /home/bizruntime/Chinna/BizRuntime/workspace/MultiThreading/MultiThreadingEx/src/test/resources
2016-02-26 12:35:26,004 [Worker-34] INFO  o.e.m.c.i.embedder.EclipseLogger - Using 'UTF-8' encoding to copy filtered resources.
2016-02-26 12:35:26,018 [Worker-34] INFO  o.e.m.c.i.embedder.EclipseLogger - Copying 1 resource
2016-02-26 12:35:26,024 [Worker-34] INFO  o.e.m.c.i.embedder.EclipseLogger - Using 'UTF-8' encoding to copy filtered resources.
2016-02-26 12:35:26,024 [Worker-34] INFO  o.e.m.c.i.embedder.EclipseLogger - skip non existing resourceDirectory /home/bizruntime/Chinna/BizRuntime/workspace/MultiThreading/MultiThreadingEx/src/test/resources
2016-02-26 12:35:37,618 [Worker-33] INFO  o.e.m.c.i.embedder.EclipseLogger - Using 'UTF-8' encoding to copy filtered resources.
2016-02-26 12:35:37,619 [Worker-33] INFO  o.e.m.c.i.embedder.EclipseLogger - Copying 1 resource
2016-02-26 12:35:37,625 [Worker-33] INFO  o.e.m.c.i.embedder.EclipseLogger - Using 'UTF-8' encoding to copy filtered resources.
2016-02-26 12:35:37,626 [Worker-33] INFO  o.e.m.c.i.embedder.EclipseLogger - skip non existing resourceDirectory /home/bizruntime/Chinna/BizRuntime/workspace/MultiThreading/MultiThreadingEx/src/test/resources
2016-02-26 12:37:58,866 [Worker-37] INFO  o.e.m.c.i.embedder.EclipseLogger - Using 'UTF-8' encoding to copy filtered resources.
2016-02-26 12:37:58,884 [Worker-37] INFO  o.e.m.c.i.embedder.EclipseLogger - Copying 1 resource
2016-02-26 12:37:58,887 [Worker-37] INFO  o.e.m.c.i.embedder.EclipseLogger - Using 'UTF-8' encoding to copy filtered resources.
2016-02-26 12:37:58,887 [Worker-37] INFO  o.e.m.c.i.embedder.EclipseLogger - skip non existing resourceDirectory /home/bizruntime/Chinna/BizRuntime/workspace/MultiThreading/MultiThreadingEx/src/test/resources
2016-02-26 12:41:58,791 [Worker-39] INFO  o.e.m.c.i.embedder.EclipseLogger - Using 'UTF-8' encoding to copy filtered resources.
2016-02-26 12:41:58,792 [Worker-39] INFO  o.e.m.c.i.embedder.EclipseLogger - Copying 1 resource
2016-02-26 12:41:58,798 [Worker-39] INFO  o.e.m.c.i.embedder.EclipseLogger - Using 'UTF-8' encoding to copy filtered resources.
2016-02-26 12:41:58,798 [Worker-39] INFO  o.e.m.c.i.embedder.EclipseLogger - skip non existing resourceDirectory /home/bizruntime/Chinna/BizRuntime/workspace/MultiThreading/MultiThreadingEx/src/test/resources
2016-02-26 12:42:59,147 [Worker-39] INFO  o.e.m.c.i.embedder.EclipseLogger - Using 'UTF-8' encoding to copy filtered resources.
2016-02-26 12:42:59,148 [Worker-39] INFO  o.e.m.c.i.embedder.EclipseLogger - Copying 1 resource
2016-02-26 12:42:59,152 [Worker-39] INFO  o.e.m.c.i.embedder.EclipseLogger - Using 'UTF-8' encoding to copy filtered resources.
2016-02-26 12:42:59,153 [Worker-39] INFO  o.e.m.c.i.embedder.EclipseLogger - skip non existing resourceDirectory /home/bizruntime/Chinna/BizRuntime/workspace/MultiThreading/MultiThreadingEx/src/test/resources
2016-02-26 12:43:07,942 [Worker-23] INFO  o.e.m.c.i.embedder.EclipseLogger - Using 'UTF-8' encoding to copy filtered resources.
2016-02-26 12:43:07,943 [Worker-23] INFO  o.e.m.c.i.embedder.EclipseLogger - Copying 1 resource
2016-02-26 12:43:07,961 [Worker-23] INFO  o.e.m.c.i.embedder.EclipseLogger - Using 'UTF-8' encoding to copy filtered resources.
2016-02-26 12:43:07,961 [Worker-23] INFO  o.e.m.c.i.embedder.EclipseLogger - skip non existing resourceDirectory /home/bizruntime/Chinna/BizRuntime/workspace/MultiThreading/MultiThreadingEx/src/test/resources
2016-02-26 12:43:38,331 [Worker-23] INFO  o.e.m.c.i.embedder.EclipseLogger - Using 'UTF-8' encoding to copy filtered resources.
2016-02-26 12:43:38,336 [Worker-23] INFO  o.e.m.c.i.embedder.EclipseLogger - Copying 1 resource
2016-02-26 12:43:38,339 [Worker-23] INFO  o.e.m.c.i.embedder.EclipseLogger - Using 'UTF-8' encoding to copy filtered resources.
2016-02-26 12:43:38,339 [Worker-23] INFO  o.e.m.c.i.embedder.EclipseLogger - skip non existing resourceDirectory /home/bizruntime/Chinna/BizRuntime/workspace/MultiThreading/MultiThreadingEx/src/test/resources
2016-02-26 12:47:04,703 [Worker-41] INFO  o.e.m.c.i.embedder.EclipseLogger - Using 'UTF-8' encoding to copy filtered resources.
2016-02-26 12:47:04,704 [Worker-41] INFO  o.e.m.c.i.embedder.EclipseLogger - Copying 1 resource
2016-02-26 12:47:04,725 [Worker-41] INFO  o.e.m.c.i.embedder.EclipseLogger - Using 'UTF-8' encoding to copy filtered resources.
2016-02-26 12:47:04,726 [Worker-41] INFO  o.e.m.c.i.embedder.EclipseLogger - skip non existing resourceDirectory /home/bizruntime/Chinna/BizRuntime/workspace/MultiThreading/MultiThreadingEx/src/test/resources
2016-02-26 12:48:05,544 [Worker-39] INFO  o.e.m.c.i.embedder.EclipseLogger - Using 'UTF-8' encoding to copy filtered resources.
2016-02-26 12:48:05,549 [Worker-39] INFO  o.e.m.c.i.embedder.EclipseLogger - Copying 1 resource
2016-02-26 12:48:05,553 [Worker-39] INFO  o.e.m.c.i.embedder.EclipseLogger - Using 'UTF-8' encoding to copy filtered resources.
2016-02-26 12:48:05,553 [Worker-39] INFO  o.e.m.c.i.embedder.EclipseLogger - skip non existing resourceDirectory /home/bizruntime/Chinna/BizRuntime/workspace/MultiThreading/MultiThreadingEx/src/test/resources
2016-02-26 12:48:38,519 [Worker-41] INFO  o.e.m.c.i.embedder.EclipseLogger - Using 'UTF-8' encoding to copy filtered resources.
2016-02-26 12:48:38,519 [Worker-41] INFO  o.e.m.c.i.embedder.EclipseLogger - Copying 1 resource
2016-02-26 12:48:38,529 [Worker-41] INFO  o.e.m.c.i.embedder.EclipseLogger - Using 'UTF-8' encoding to copy filtered resources.
2016-02-26 12:48:38,540 [Worker-41] INFO  o.e.m.c.i.embedder.EclipseLogger - skip non existing resourceDirectory /home/bizruntime/Chinna/BizRuntime/workspace/MultiThreading/MultiThreadingEx/src/test/resources
2016-02-26 12:52:44,328 [Worker-44] INFO  o.e.m.c.i.embedder.EclipseLogger - Using 'UTF-8' encoding to copy filtered resources.
2016-02-26 12:52:44,329 [Worker-44] INFO  o.e.m.c.i.embedder.EclipseLogger - Copying 1 resource
2016-02-26 12:52:44,331 [Worker-44] INFO  o.e.m.c.i.embedder.EclipseLogger - Using 'UTF-8' encoding to copy filtered resources.
2016-02-26 12:52:44,332 [Worker-44] INFO  o.e.m.c.i.embedder.EclipseLogger - skip non existing resourceDirectory /home/bizruntime/Chinna/BizRuntime/workspace/MultiThreading/MultiThreadingEx/src/test/resources
2016-02-26 12:53:30,459 [Worker-23] INFO  o.e.m.c.i.embedder.EclipseLogger - Using 'UTF-8' encoding to copy filtered resources.
2016-02-26 12:53:30,479 [Worker-23] INFO  o.e.m.c.i.embedder.EclipseLogger - Copying 1 resource
2016-02-26 12:53:30,501 [Worker-23] INFO  o.e.m.c.i.embedder.EclipseLogger - Using 'UTF-8' encoding to copy filtered resources.
2016-02-26 12:53:30,501 [Worker-23] INFO  o.e.m.c.i.embedder.EclipseLogger - skip non existing resourceDirectory /home/bizruntime/Chinna/BizRuntime/workspace/MultiThreading/MultiThreadingEx/src/test/resources
2016-02-26 13:30:25,144 [Worker-53] INFO  o.e.m.c.i.embedder.EclipseLogger - Using 'UTF-8' encoding to copy filtered resources.
2016-02-26 13:30:25,149 [Worker-53] INFO  o.e.m.c.i.embedder.EclipseLogger - Copying 1 resource
2016-02-26 13:30:25,152 [Worker-53] INFO  o.e.m.c.i.embedder.EclipseLogger - Using 'UTF-8' encoding to copy filtered resources.
2016-02-26 13:30:25,165 [Worker-53] INFO  o.e.m.c.i.embedder.EclipseLogger - skip non existing resourceDirectory /home/bizruntime/Chinna/BizRuntime/workspace/MultiThreading/MultiThreadingEx/src/test/resources
2016-02-26 13:30:33,289 [Worker-53] INFO  o.e.m.c.i.embedder.EclipseLogger - Using 'UTF-8' encoding to copy filtered resources.
2016-02-26 13:30:33,295 [Worker-53] INFO  o.e.m.c.i.embedder.EclipseLogger - Copying 1 resource
2016-02-26 13:30:33,298 [Worker-53] INFO  o.e.m.c.i.embedder.EclipseLogger - Using 'UTF-8' encoding to copy filtered resources.
2016-02-26 13:30:33,304 [Worker-53] INFO  o.e.m.c.i.embedder.EclipseLogger - skip non existing resourceDirectory /home/bizruntime/Chinna/BizRuntime/workspace/MultiThreading/MultiThreadingEx/src/test/resources
2016-02-26 13:33:04,992 [Worker-56] INFO  o.e.m.c.i.embedder.EclipseLogger - Using 'UTF-8' encoding to copy filtered resources.
2016-02-26 13:33:04,993 [Worker-56] INFO  o.e.m.c.i.embedder.EclipseLogger - Copying 1 resource
2016-02-26 13:33:04,997 [Worker-56] INFO  o.e.m.c.i.embedder.EclipseLogger - Using 'UTF-8' encoding to copy filtered resources.
2016-02-26 13:33:05,002 [Worker-56] INFO  o.e.m.c.i.embedder.EclipseLogger - skip non existing resourceDirectory /home/bizruntime/Chinna/BizRuntime/workspace/MultiThreading/MultiThreadingEx/src/test/resources
2016-02-26 13:33:23,894 [Worker-53] INFO  o.e.m.c.i.embedder.EclipseLogger - Using 'UTF-8' encoding to copy filtered resources.
2016-02-26 13:33:23,894 [Worker-53] INFO  o.e.m.c.i.embedder.EclipseLogger - Copying 1 resource
2016-02-26 13:33:23,905 [Worker-53] INFO  o.e.m.c.i.embedder.EclipseLogger - Using 'UTF-8' encoding to copy filtered resources.
2016-02-26 13:33:23,905 [Worker-53] INFO  o.e.m.c.i.embedder.EclipseLogger - skip non existing resourceDirectory /home/bizruntime/Chinna/BizRuntime/workspace/MultiThreading/MultiThreadingEx/src/test/resources
2016-02-26 13:33:33,370 [Worker-56] INFO  o.e.m.c.i.embedder.EclipseLogger - Using 'UTF-8' encoding to copy filtered resources.
2016-02-26 13:33:33,371 [Worker-56] INFO  o.e.m.c.i.embedder.EclipseLogger - Copying 1 resource
2016-02-26 13:33:33,379 [Worker-56] INFO  o.e.m.c.i.embedder.EclipseLogger - Using 'UTF-8' encoding to copy filtered resources.
2016-02-26 13:33:33,379 [Worker-56] INFO  o.e.m.c.i.embedder.EclipseLogger - skip non existing resourceDirectory /home/bizruntime/Chinna/BizRuntime/workspace/MultiThreading/MultiThreadingEx/src/test/resources
2016-02-26 14:20:15,519 [Worker-65] INFO  o.e.m.c.i.embedder.EclipseLogger - Using 'UTF-8' encoding to copy filtered resources.
2016-02-26 14:20:15,520 [Worker-65] INFO  o.e.m.c.i.embedder.EclipseLogger - Copying 1 resource
2016-02-26 14:20:15,531 [Worker-65] INFO  o.e.m.c.i.embedder.EclipseLogger - Using 'UTF-8' encoding to copy filtered resources.
2016-02-26 14:20:15,538 [Worker-65] INFO  o.e.m.c.i.embedder.EclipseLogger - skip non existing resourceDirectory /home/bizruntime/Chinna/BizRuntime/workspace/MultiThreading/MultiThreadingEx/src/test/resources
2016-02-26 14:20:59,310 [Worker-66] INFO  o.e.m.c.i.embedder.EclipseLogger - Using 'UTF-8' encoding to copy filtered resources.
2016-02-26 14:20:59,318 [Worker-66] INFO  o.e.m.c.i.embedder.EclipseLogger - Copying 1 resource
2016-02-26 14:20:59,324 [Worker-66] INFO  o.e.m.c.i.embedder.EclipseLogger - Using 'UTF-8' encoding to copy filtered resources.
2016-02-26 14:20:59,325 [Worker-66] INFO  o.e.m.c.i.embedder.EclipseLogger - skip non existing resourceDirectory /home/bizruntime/Chinna/BizRuntime/workspace/MultiThreading/MultiThreadingEx/src/test/resources
2016-02-26 14:21:38,073 [Worker-54] INFO  o.e.m.c.i.embedder.EclipseLogger - Using 'UTF-8' encoding to copy filtered resources.
2016-02-26 14:21:38,074 [Worker-54] INFO  o.e.m.c.i.embedder.EclipseLogger - Copying 1 resource
2016-02-26 14:21:38,077 [Worker-54] INFO  o.e.m.c.i.embedder.EclipseLogger - Using 'UTF-8' encoding to copy filtered resources.
2016-02-26 14:21:38,077 [Worker-54] INFO  o.e.m.c.i.embedder.EclipseLogger - skip non existing resourceDirectory /home/bizruntime/Chinna/BizRuntime/workspace/MultiThreading/MultiThreadingEx/src/test/resources
2016-02-26 14:21:42,650 [Worker-66] INFO  o.e.m.c.i.embedder.EclipseLogger - Using 'UTF-8' encoding to copy filtered resources.
2016-02-26 14:21:42,651 [Worker-66] INFO  o.e.m.c.i.embedder.EclipseLogger - Copying 1 resource
2016-02-26 14:21:42,657 [Worker-66] INFO  o.e.m.c.i.embedder.EclipseLogger - Using 'UTF-8' encoding to copy filtered resources.
2016-02-26 14:21:42,657 [Worker-66] INFO  o.e.m.c.i.embedder.EclipseLogger - skip non existing resourceDirectory /home/bizruntime/Chinna/BizRuntime/workspace/MultiThreading/MultiThreadingEx/src/test/resources
