New log file opened at Tue May 31 14:57:39 IST 2016 by 29275@bizruntime
Taking next connection to: 33372
New client attempting to connect on port: 59438-33372
  Address = /127.0.1.1:33372
This client on port 59438 has uuid 46fb5ecf-0fea-4925-9fb6-fcfa886f14d3 configName activator humanReadableName Activator protocolVersion 3 featureTags Vector()
Connected Clients: activator-46fb5ecf-0fea-4925-9fb6-fcfa886f14d3
Taking next connection to: 33372
New client attempting to connect on port: 59494-33372
  Address = /127.0.1.1:33372
Handshake exception on socket: 59494
sbt.impl.ipc.HandshakeException: Unable to perform handshake
	at sbt.impl.ipc.Peer.handshake(IPC.scala:46)
	at sbt.impl.ipc.MultiClientServer.<init>(IPC.scala:150)
	at sbt.server.SbtServerSocketHandler$$anon$1.run(SbtServerSocketHandler.scala:43)
Caused by: java.net.SocketException: Connection reset
	at java.net.SocketInputStream.read(SocketInputStream.java:209)
	at java.net.SocketInputStream.read(SocketInputStream.java:141)
	at java.io.BufferedInputStream.fill(BufferedInputStream.java:246)
	at java.io.BufferedInputStream.read(BufferedInputStream.java:265)
	at java.io.DataInputStream.readInt(DataInputStream.java:387)
	at sbt.impl.ipc.Peer.receive(IPC.scala:95)
	at sbt.impl.ipc.Peer.handshake(IPC.scala:49)
	... 2 more
Taking next connection to: 33372
New client attempting to connect on port: 59495-33372
  Address = /127.0.1.1:33372
This client on port 59495 has uuid 15f1e62c-38ad-4bc5-801b-5dd07baf3978 configName activator humanReadableName Activator protocolVersion 3 featureTags Vector()
Connected Clients: activator-15f1e62c-38ad-4bc5-801b-5dd07baf3978
Taking next connection to: 33372
Checking to see if clients are empty...
We have 1 non-daemon clients, continuing serving connections.
Taking next connection to: 33372
