2016-04-20 14:34:21,874 [Worker-7] INFO  o.e.m.c.i.p.ProjectConfigurationManager - Collecting project info '/pom.xml' /home/bizruntime/Chinna/BizRuntime/workspace/Sqoop/LinkCreation/pom.xml
2016-04-20 14:34:31,504 [Worker-7] INFO  o.e.m.c.i.l.LifecycleMappingFactory - Using org.eclipse.m2e.jdt.JarLifecycleMapping lifecycle mapping for MavenProject: com.sqoop:LinkCreation:0.0.1-SNAPSHOT @ /home/bizruntime/Chinna/BizRuntime/workspace/Sqoop/LinkCreation/pom.xml.
2016-04-20 14:34:36,324 [Worker-7] INFO  o.e.m.j.i.AbstractJavaProjectConfigurator - Adding source folder /LinkCreation/src/main/java
2016-04-20 14:34:36,329 [Worker-7] INFO  o.e.m.j.i.AbstractJavaProjectConfigurator - Adding source folder /LinkCreation/src/test/java
2016-04-20 14:34:39,009 [Worker-7] INFO  o.e.m.c.i.p.ProjectConfigurationManager - Imported and configured 1 project(s) in 17 sec
2016-04-20 14:34:40,586 [Worker-0] INFO  o.e.m.c.i.embedder.EclipseLogger - Using 'UTF-8' encoding to copy filtered resources.
2016-04-20 14:34:40,598 [Worker-0] INFO  o.e.m.c.i.embedder.EclipseLogger - skip non existing resourceDirectory /home/bizruntime/Chinna/BizRuntime/workspace/Sqoop/LinkCreation/src/main/resources
2016-04-20 14:34:40,618 [Worker-0] INFO  o.e.m.c.i.embedder.EclipseLogger - Using 'UTF-8' encoding to copy filtered resources.
2016-04-20 14:34:40,618 [Worker-0] INFO  o.e.m.c.i.embedder.EclipseLogger - skip non existing resourceDirectory /home/bizruntime/Chinna/BizRuntime/workspace/Sqoop/LinkCreation/src/test/resources
2016-04-20 14:44:22,993 [Worker-8] INFO  o.e.m.c.i.l.LifecycleMappingFactory - Using org.eclipse.m2e.jdt.JarLifecycleMapping lifecycle mapping for MavenProject: com.sqoop:LinkCreation:0.0.1-SNAPSHOT @ /home/bizruntime/Chinna/BizRuntime/workspace/Sqoop/LinkCreation/pom.xml.
2016-04-20 14:44:24,813 [Worker-8] INFO  o.e.m.c.i.e.AbstractTransferListenerAdapter - Downloading https://repo.maven.apache.org/maven2/org/apache/sqoop/sqoop-client/1.99.6/sqoop-client-1.99.6.pom
2016-04-20 14:44:25,223 [Worker-8] INFO  o.e.m.c.i.e.AbstractTransferListenerAdapter - Downloaded https://repo.maven.apache.org/maven2/org/apache/sqoop/sqoop-client/1.99.6/sqoop-client-1.99.6.pom
2016-04-20 14:44:25,775 [Worker-8] INFO  o.e.m.c.i.e.AbstractTransferListenerAdapter - Downloading https://repo.maven.apache.org/maven2/org/apache/sqoop/1.99.6/sqoop-1.99.6.pom
2016-04-20 14:44:26,136 [Worker-8] INFO  o.e.m.c.i.e.AbstractTransferListenerAdapter - Downloaded https://repo.maven.apache.org/maven2/org/apache/sqoop/1.99.6/sqoop-1.99.6.pom
2016-04-20 14:44:27,645 [Worker-8] INFO  o.e.m.c.i.e.AbstractTransferListenerAdapter - Downloading https://repo.maven.apache.org/maven2/org/apache/sqoop/sqoop-common/1.99.6/sqoop-common-1.99.6.pom
2016-04-20 14:44:27,914 [Worker-8] INFO  o.e.m.c.i.e.AbstractTransferListenerAdapter - Downloaded https://repo.maven.apache.org/maven2/org/apache/sqoop/sqoop-common/1.99.6/sqoop-common-1.99.6.pom
2016-04-20 14:44:29,123 [Worker-8] INFO  o.e.m.c.i.e.AbstractTransferListenerAdapter - Downloading https://repo.maven.apache.org/maven2/javax/ws/rs/javax.ws.rs-api/2.0.1/javax.ws.rs-api-2.0.1.pom
2016-04-20 14:44:29,470 [Worker-8] INFO  o.e.m.c.i.e.AbstractTransferListenerAdapter - Downloaded https://repo.maven.apache.org/maven2/javax/ws/rs/javax.ws.rs-api/2.0.1/javax.ws.rs-api-2.0.1.pom
2016-04-20 14:44:30,029 [Worker-8] INFO  o.e.m.c.i.e.AbstractTransferListenerAdapter - Downloading https://repo.maven.apache.org/maven2/net/java/jvnet-parent/5/jvnet-parent-5.pom
2016-04-20 14:44:30,356 [Worker-8] INFO  o.e.m.c.i.e.AbstractTransferListenerAdapter - Downloaded https://repo.maven.apache.org/maven2/net/java/jvnet-parent/5/jvnet-parent-5.pom
2016-04-20 14:44:43,988 [Worker-8] INFO  o.e.m.c.i.e.AbstractTransferListenerAdapter - Downloading https://repo.maven.apache.org/maven2/org/apache/sqoop/sqoop-client/1.99.6/sqoop-client-1.99.6.jar
2016-04-20 14:44:44,466 [Worker-8] INFO  o.e.m.c.i.e.AbstractTransferListenerAdapter - Downloaded https://repo.maven.apache.org/maven2/org/apache/sqoop/sqoop-client/1.99.6/sqoop-client-1.99.6.jar
2016-04-20 14:44:44,877 [Worker-8] INFO  o.e.m.c.i.e.AbstractTransferListenerAdapter - Downloading https://repo.maven.apache.org/maven2/org/apache/sqoop/sqoop-common/1.99.6/sqoop-common-1.99.6.jar
2016-04-20 14:44:46,382 [Worker-8] INFO  o.e.m.c.i.e.AbstractTransferListenerAdapter - Downloaded https://repo.maven.apache.org/maven2/org/apache/sqoop/sqoop-common/1.99.6/sqoop-common-1.99.6.jar
2016-04-20 14:44:46,703 [Worker-8] INFO  o.e.m.c.i.e.AbstractTransferListenerAdapter - Downloading https://repo.maven.apache.org/maven2/javax/ws/rs/javax.ws.rs-api/2.0.1/javax.ws.rs-api-2.0.1.jar
2016-04-20 14:44:48,265 [Worker-8] INFO  o.e.m.c.i.e.AbstractTransferListenerAdapter - Downloaded https://repo.maven.apache.org/maven2/javax/ws/rs/javax.ws.rs-api/2.0.1/javax.ws.rs-api-2.0.1.jar
2016-04-20 14:44:48,560 [Worker-8] INFO  o.e.m.c.i.e.AbstractTransferListenerAdapter - Downloading https://repo.maven.apache.org/maven2/org/apache/httpcomponents/httpclient/4.1.2/httpclient-4.1.2.jar
2016-04-20 14:44:50,575 [Worker-8] INFO  o.e.m.c.i.e.AbstractTransferListenerAdapter - Downloaded https://repo.maven.apache.org/maven2/org/apache/httpcomponents/httpclient/4.1.2/httpclient-4.1.2.jar
2016-04-20 14:44:54,590 [Worker-8] INFO  o.e.m.c.i.embedder.EclipseLogger - Using 'UTF-8' encoding to copy filtered resources.
2016-04-20 14:44:54,607 [Worker-8] INFO  o.e.m.c.i.embedder.EclipseLogger - skip non existing resourceDirectory /home/bizruntime/Chinna/BizRuntime/workspace/Sqoop/LinkCreation/src/main/resources
2016-04-20 14:44:54,615 [Worker-8] INFO  o.e.m.c.i.embedder.EclipseLogger - Using 'UTF-8' encoding to copy filtered resources.
2016-04-20 14:44:54,621 [Worker-8] INFO  o.e.m.c.i.embedder.EclipseLogger - skip non existing resourceDirectory /home/bizruntime/Chinna/BizRuntime/workspace/Sqoop/LinkCreation/src/test/resources
2016-04-20 14:44:59,311 [Worker-20] INFO  o.e.m.c.i.embedder.EclipseLogger - Using 'UTF-8' encoding to copy filtered resources.
2016-04-20 14:44:59,528 [Worker-20] INFO  o.e.m.c.i.embedder.EclipseLogger - skip non existing resourceDirectory /home/bizruntime/Chinna/BizRuntime/workspace/Sqoop/LinkCreation/src/main/resources
2016-04-20 14:44:59,531 [Worker-20] INFO  o.e.m.c.i.embedder.EclipseLogger - Using 'UTF-8' encoding to copy filtered resources.
2016-04-20 14:44:59,541 [Worker-20] INFO  o.e.m.c.i.embedder.EclipseLogger - skip non existing resourceDirectory /home/bizruntime/Chinna/BizRuntime/workspace/Sqoop/LinkCreation/src/test/resources
2016-04-20 14:46:52,294 [Worker-18] INFO  o.e.m.c.i.l.LifecycleMappingFactory - Using org.eclipse.m2e.jdt.JarLifecycleMapping lifecycle mapping for MavenProject: com.sqoop:LinkCreation:0.0.1-SNAPSHOT @ /home/bizruntime/Chinna/BizRuntime/workspace/Sqoop/LinkCreation/pom.xml.
2016-04-20 14:46:53,883 [Worker-18] INFO  o.e.m.c.i.embedder.EclipseLogger - Using 'UTF-8' encoding to copy filtered resources.
2016-04-20 14:46:53,884 [Worker-18] INFO  o.e.m.c.i.embedder.EclipseLogger - skip non existing resourceDirectory /home/bizruntime/Chinna/BizRuntime/workspace/Sqoop/LinkCreation/src/main/resources
2016-04-20 14:46:53,893 [Worker-18] INFO  o.e.m.c.i.embedder.EclipseLogger - Using 'UTF-8' encoding to copy filtered resources.
2016-04-20 14:46:53,893 [Worker-18] INFO  o.e.m.c.i.embedder.EclipseLogger - skip non existing resourceDirectory /home/bizruntime/Chinna/BizRuntime/workspace/Sqoop/LinkCreation/src/test/resources
2016-04-20 14:47:07,324 [Worker-21] INFO  o.e.m.c.i.embedder.EclipseLogger - Using 'UTF-8' encoding to copy filtered resources.
2016-04-20 14:47:07,328 [Worker-21] INFO  o.e.m.c.i.embedder.EclipseLogger - skip non existing resourceDirectory /home/bizruntime/Chinna/BizRuntime/workspace/Sqoop/LinkCreation/src/main/resources
2016-04-20 14:47:07,332 [Worker-21] INFO  o.e.m.c.i.embedder.EclipseLogger - Using 'UTF-8' encoding to copy filtered resources.
2016-04-20 14:47:07,333 [Worker-21] INFO  o.e.m.c.i.embedder.EclipseLogger - skip non existing resourceDirectory /home/bizruntime/Chinna/BizRuntime/workspace/Sqoop/LinkCreation/src/test/resources
2016-04-20 14:47:36,931 [Worker-19] INFO  o.e.m.c.i.embedder.EclipseLogger - Using 'UTF-8' encoding to copy filtered resources.
2016-04-20 14:47:36,933 [Worker-19] INFO  o.e.m.c.i.embedder.EclipseLogger - skip non existing resourceDirectory /home/bizruntime/Chinna/BizRuntime/workspace/Sqoop/LinkCreation/src/main/resources
2016-04-20 14:47:36,936 [Worker-19] INFO  o.e.m.c.i.embedder.EclipseLogger - Using 'UTF-8' encoding to copy filtered resources.
2016-04-20 14:47:36,936 [Worker-19] INFO  o.e.m.c.i.embedder.EclipseLogger - skip non existing resourceDirectory /home/bizruntime/Chinna/BizRuntime/workspace/Sqoop/LinkCreation/src/test/resources
2016-04-20 14:47:40,605 [Worker-18] INFO  o.e.m.c.i.embedder.EclipseLogger - Using 'UTF-8' encoding to copy filtered resources.
2016-04-20 14:47:40,605 [Worker-18] INFO  o.e.m.c.i.embedder.EclipseLogger - skip non existing resourceDirectory /home/bizruntime/Chinna/BizRuntime/workspace/Sqoop/LinkCreation/src/main/resources
2016-04-20 14:47:40,607 [Worker-18] INFO  o.e.m.c.i.embedder.EclipseLogger - Using 'UTF-8' encoding to copy filtered resources.
2016-04-20 14:47:40,608 [Worker-18] INFO  o.e.m.c.i.embedder.EclipseLogger - skip non existing resourceDirectory /home/bizruntime/Chinna/BizRuntime/workspace/Sqoop/LinkCreation/src/test/resources
2016-04-20 14:57:17,130 [Worker-19] INFO  o.e.m.c.i.embedder.EclipseLogger - Using 'UTF-8' encoding to copy filtered resources.
2016-04-20 14:57:17,131 [Worker-19] INFO  o.e.m.c.i.embedder.EclipseLogger - skip non existing resourceDirectory /home/bizruntime/Chinna/BizRuntime/workspace/Sqoop/LinkCreation/src/main/resources
2016-04-20 14:57:17,159 [Worker-19] INFO  o.e.m.c.i.embedder.EclipseLogger - Using 'UTF-8' encoding to copy filtered resources.
2016-04-20 14:57:17,159 [Worker-19] INFO  o.e.m.c.i.embedder.EclipseLogger - skip non existing resourceDirectory /home/bizruntime/Chinna/BizRuntime/workspace/Sqoop/LinkCreation/src/test/resources
2016-04-20 15:01:21,079 [Worker-7] INFO  o.e.m.c.i.embedder.EclipseLogger - Using 'UTF-8' encoding to copy filtered resources.
2016-04-20 15:01:21,079 [Worker-7] INFO  o.e.m.c.i.embedder.EclipseLogger - skip non existing resourceDirectory /home/bizruntime/Chinna/BizRuntime/workspace/Sqoop/LinkCreation/src/main/resources
2016-04-20 15:01:21,094 [Worker-7] INFO  o.e.m.c.i.embedder.EclipseLogger - Using 'UTF-8' encoding to copy filtered resources.
2016-04-20 15:01:21,095 [Worker-7] INFO  o.e.m.c.i.embedder.EclipseLogger - skip non existing resourceDirectory /home/bizruntime/Chinna/BizRuntime/workspace/Sqoop/LinkCreation/src/test/resources
2016-04-20 15:02:45,140 [Worker-20] INFO  o.e.m.c.i.embedder.EclipseLogger - Using 'UTF-8' encoding to copy filtered resources.
2016-04-20 15:02:45,140 [Worker-20] INFO  o.e.m.c.i.embedder.EclipseLogger - skip non existing resourceDirectory /home/bizruntime/Chinna/BizRuntime/workspace/Sqoop/LinkCreation/src/main/resources
2016-04-20 15:02:45,142 [Worker-20] INFO  o.e.m.c.i.embedder.EclipseLogger - Using 'UTF-8' encoding to copy filtered resources.
2016-04-20 15:02:45,143 [Worker-20] INFO  o.e.m.c.i.embedder.EclipseLogger - skip non existing resourceDirectory /home/bizruntime/Chinna/BizRuntime/workspace/Sqoop/LinkCreation/src/test/resources
2016-04-20 15:16:18,276 [Worker-7] INFO  o.e.m.c.i.embedder.EclipseLogger - Using 'UTF-8' encoding to copy filtered resources.
2016-04-20 15:16:18,276 [Worker-7] INFO  o.e.m.c.i.embedder.EclipseLogger - skip non existing resourceDirectory /home/bizruntime/Chinna/BizRuntime/workspace/Sqoop/LinkCreation/src/main/resources
2016-04-20 15:16:18,297 [Worker-7] INFO  o.e.m.c.i.embedder.EclipseLogger - Using 'UTF-8' encoding to copy filtered resources.
2016-04-20 15:16:18,297 [Worker-7] INFO  o.e.m.c.i.embedder.EclipseLogger - skip non existing resourceDirectory /home/bizruntime/Chinna/BizRuntime/workspace/Sqoop/LinkCreation/src/test/resources
2016-04-20 15:31:27,759 [Worker-0] INFO  o.e.m.c.i.embedder.EclipseLogger - Using 'UTF-8' encoding to copy filtered resources.
2016-04-20 15:31:27,832 [Worker-0] INFO  o.e.m.c.i.embedder.EclipseLogger - skip non existing resourceDirectory /home/bizruntime/Chinna/BizRuntime/workspace/Sqoop/LinkCreation/src/main/resources
2016-04-20 15:31:27,851 [Worker-0] INFO  o.e.m.c.i.embedder.EclipseLogger - Using 'UTF-8' encoding to copy filtered resources.
2016-04-20 15:31:27,860 [Worker-0] INFO  o.e.m.c.i.embedder.EclipseLogger - skip non existing resourceDirectory /home/bizruntime/Chinna/BizRuntime/workspace/Sqoop/LinkCreation/src/test/resources
2016-04-20 15:54:15,893 [Worker-19] INFO  o.e.m.c.i.embedder.EclipseLogger - Using 'UTF-8' encoding to copy filtered resources.
2016-04-20 15:54:15,915 [Worker-19] INFO  o.e.m.c.i.embedder.EclipseLogger - skip non existing resourceDirectory /home/bizruntime/Chinna/BizRuntime/workspace/Sqoop/LinkCreation/src/main/resources
2016-04-20 15:54:15,949 [Worker-19] INFO  o.e.m.c.i.embedder.EclipseLogger - Using 'UTF-8' encoding to copy filtered resources.
2016-04-20 15:54:15,949 [Worker-19] INFO  o.e.m.c.i.embedder.EclipseLogger - skip non existing resourceDirectory /home/bizruntime/Chinna/BizRuntime/workspace/Sqoop/LinkCreation/src/test/resources
2016-04-20 15:54:20,565 [Worker-20] INFO  o.e.m.c.i.embedder.EclipseLogger - Using 'UTF-8' encoding to copy filtered resources.
2016-04-20 15:54:20,565 [Worker-20] INFO  o.e.m.c.i.embedder.EclipseLogger - skip non existing resourceDirectory /home/bizruntime/Chinna/BizRuntime/workspace/Sqoop/LinkCreation/src/main/resources
2016-04-20 15:54:20,573 [Worker-20] INFO  o.e.m.c.i.embedder.EclipseLogger - Using 'UTF-8' encoding to copy filtered resources.
2016-04-20 15:54:20,573 [Worker-20] INFO  o.e.m.c.i.embedder.EclipseLogger - skip non existing resourceDirectory /home/bizruntime/Chinna/BizRuntime/workspace/Sqoop/LinkCreation/src/test/resources
2016-04-20 15:55:01,807 [Worker-19] INFO  o.e.m.c.i.embedder.EclipseLogger - Using 'UTF-8' encoding to copy filtered resources.
2016-04-20 15:55:01,807 [Worker-19] INFO  o.e.m.c.i.embedder.EclipseLogger - skip non existing resourceDirectory /home/bizruntime/Chinna/BizRuntime/workspace/Sqoop/LinkCreation/src/main/resources
2016-04-20 15:55:01,840 [Worker-19] INFO  o.e.m.c.i.embedder.EclipseLogger - Using 'UTF-8' encoding to copy filtered resources.
2016-04-20 15:55:01,840 [Worker-19] INFO  o.e.m.c.i.embedder.EclipseLogger - skip non existing resourceDirectory /home/bizruntime/Chinna/BizRuntime/workspace/Sqoop/LinkCreation/src/test/resources
2016-04-20 15:55:13,542 [Worker-20] INFO  o.e.m.c.i.embedder.EclipseLogger - Using 'UTF-8' encoding to copy filtered resources.
2016-04-20 15:55:13,543 [Worker-20] INFO  o.e.m.c.i.embedder.EclipseLogger - skip non existing resourceDirectory /home/bizruntime/Chinna/BizRuntime/workspace/Sqoop/LinkCreation/src/main/resources
2016-04-20 15:55:13,546 [Worker-20] INFO  o.e.m.c.i.embedder.EclipseLogger - Using 'UTF-8' encoding to copy filtered resources.
2016-04-20 15:55:13,546 [Worker-20] INFO  o.e.m.c.i.embedder.EclipseLogger - skip non existing resourceDirectory /home/bizruntime/Chinna/BizRuntime/workspace/Sqoop/LinkCreation/src/test/resources
2016-04-20 15:55:34,551 [Worker-19] INFO  o.e.m.c.i.embedder.EclipseLogger - Using 'UTF-8' encoding to copy filtered resources.
2016-04-20 15:55:34,551 [Worker-19] INFO  o.e.m.c.i.embedder.EclipseLogger - skip non existing resourceDirectory /home/bizruntime/Chinna/BizRuntime/workspace/Sqoop/LinkCreation/src/main/resources
2016-04-20 15:55:34,554 [Worker-19] INFO  o.e.m.c.i.embedder.EclipseLogger - Using 'UTF-8' encoding to copy filtered resources.
2016-04-20 15:55:34,554 [Worker-19] INFO  o.e.m.c.i.embedder.EclipseLogger - skip non existing resourceDirectory /home/bizruntime/Chinna/BizRuntime/workspace/Sqoop/LinkCreation/src/test/resources
2016-04-20 16:02:54,423 [Worker-26] INFO  o.e.m.i.launch.MavenLaunchDelegate - /home/bizruntime/Chinna/BizRuntime/workspace/Sqoop/LinkCreation
2016-04-20 16:02:54,455 [Worker-26] INFO  o.e.m.i.launch.MavenLaunchDelegate -  mvn -B clean
2016-04-20 16:03:03,197 [Worker-19] INFO  o.e.m.i.launch.MavenLaunchDelegate - /home/bizruntime/Chinna/BizRuntime/workspace/Sqoop/LinkCreation
2016-04-20 16:03:03,197 [Worker-19] INFO  o.e.m.i.launch.MavenLaunchDelegate -  mvn -B install
2016-04-20 16:04:15,173 [Worker-26] INFO  o.e.m.c.i.embedder.EclipseLogger - Using 'UTF-8' encoding to copy filtered resources.
2016-04-20 16:04:15,174 [Worker-26] INFO  o.e.m.c.i.embedder.EclipseLogger - skip non existing resourceDirectory /home/bizruntime/Chinna/BizRuntime/workspace/Sqoop/LinkCreation/src/main/resources
2016-04-20 16:04:15,177 [Worker-26] INFO  o.e.m.c.i.embedder.EclipseLogger - Using 'UTF-8' encoding to copy filtered resources.
2016-04-20 16:04:15,177 [Worker-26] INFO  o.e.m.c.i.embedder.EclipseLogger - skip non existing resourceDirectory /home/bizruntime/Chinna/BizRuntime/workspace/Sqoop/LinkCreation/src/test/resources
2016-04-20 16:06:07,612 [Worker-26] INFO  o.e.m.c.i.e.AbstractTransferListenerAdapter - Downloaded https://repo.maven.apache.org/maven2/org/apache/sqoop/sqoop-client/1.99.6/sqoop-client-1.99.6-sources.jar
2016-04-20 16:06:07,654 [Worker-26] ERROR o.e.m.j.internal.DownloadSourcesJob - Could not download sources for org.apache.sqoop:sqoop-client:1.99.6
org.eclipse.core.runtime.CoreException: Could not resolve artifact org.apache.sqoop:sqoop-client:jar:sources:1.99.6
	at org.eclipse.m2e.core.internal.embedder.MavenImpl$5.call(MavenImpl.java:776) ~[org.eclipse.m2e.core_1.7.0.20160202-2119.jar:na]
	at org.eclipse.m2e.core.internal.embedder.MavenImpl$5.call(MavenImpl.java:1) ~[org.eclipse.m2e.core_1.7.0.20160202-2119.jar:na]
	at org.eclipse.m2e.core.internal.embedder.MavenExecutionContext.executeBare(MavenExecutionContext.java:176) [org.eclipse.m2e.core_1.7.0.20160202-2119.jar:na]
	at org.eclipse.m2e.core.internal.embedder.MavenExecutionContext.execute(MavenExecutionContext.java:112) [org.eclipse.m2e.core_1.7.0.20160202-2119.jar:na]
	at org.eclipse.m2e.core.internal.embedder.MavenExecutionContext.execute(MavenExecutionContext.java:99) [org.eclipse.m2e.core_1.7.0.20160202-2119.jar:na]
	at org.eclipse.m2e.core.internal.embedder.MavenImpl.resolve(MavenImpl.java:743) [org.eclipse.m2e.core_1.7.0.20160202-2119.jar:na]
	at org.eclipse.m2e.core.internal.embedder.MavenImpl.resolve(MavenImpl.java:720) [org.eclipse.m2e.core_1.7.0.20160202-2119.jar:na]
	at org.eclipse.m2e.jdt.internal.DownloadSourcesJob.download(DownloadSourcesJob.java:249) [org.eclipse.m2e.jdt_1.7.0.20160202-2119.jar:na]
	at org.eclipse.m2e.jdt.internal.DownloadSourcesJob.downloadAttachments(DownloadSourcesJob.java:228) [org.eclipse.m2e.jdt_1.7.0.20160202-2119.jar:na]
	at org.eclipse.m2e.jdt.internal.DownloadSourcesJob.downloadMaven(DownloadSourcesJob.java:202) [org.eclipse.m2e.jdt_1.7.0.20160202-2119.jar:na]
	at org.eclipse.m2e.jdt.internal.DownloadSourcesJob.run(DownloadSourcesJob.java:153) [org.eclipse.m2e.jdt_1.7.0.20160202-2119.jar:na]
	at org.eclipse.m2e.jdt.internal.DownloadSourcesJob$1.call(DownloadSourcesJob.java:136) [org.eclipse.m2e.jdt_1.7.0.20160202-2119.jar:na]
	at org.eclipse.m2e.jdt.internal.DownloadSourcesJob$1.call(DownloadSourcesJob.java:1) [org.eclipse.m2e.jdt_1.7.0.20160202-2119.jar:na]
	at org.eclipse.m2e.core.internal.embedder.MavenExecutionContext.executeBare(MavenExecutionContext.java:176) [org.eclipse.m2e.core_1.7.0.20160202-2119.jar:na]
	at org.eclipse.m2e.core.internal.embedder.MavenExecutionContext.execute(MavenExecutionContext.java:151) [org.eclipse.m2e.core_1.7.0.20160202-2119.jar:na]
	at org.eclipse.m2e.core.internal.embedder.MavenExecutionContext.execute(MavenExecutionContext.java:99) [org.eclipse.m2e.core_1.7.0.20160202-2119.jar:na]
	at org.eclipse.m2e.core.internal.embedder.MavenImpl.execute(MavenImpl.java:1355) [org.eclipse.m2e.core_1.7.0.20160202-2119.jar:na]
	at org.eclipse.m2e.jdt.internal.DownloadSourcesJob.run(DownloadSourcesJob.java:134) [org.eclipse.m2e.jdt_1.7.0.20160202-2119.jar:na]
	at org.eclipse.core.internal.jobs.Worker.run(Worker.java:55) [org.eclipse.core.jobs_3.8.0.v20160125-0953.jar:na]
2016-04-20 16:06:08,793 [Worker-25] INFO  o.e.m.c.i.embedder.EclipseLogger - Using 'UTF-8' encoding to copy filtered resources.
2016-04-20 16:06:08,793 [Worker-25] INFO  o.e.m.c.i.embedder.EclipseLogger - skip non existing resourceDirectory /home/bizruntime/Chinna/BizRuntime/workspace/Sqoop/LinkCreation/src/main/resources
2016-04-20 16:06:08,810 [Worker-25] INFO  o.e.m.c.i.embedder.EclipseLogger - Using 'UTF-8' encoding to copy filtered resources.
2016-04-20 16:06:08,811 [Worker-25] INFO  o.e.m.c.i.embedder.EclipseLogger - skip non existing resourceDirectory /home/bizruntime/Chinna/BizRuntime/workspace/Sqoop/LinkCreation/src/test/resources
2016-04-20 16:06:30,754 [Worker-28] INFO  o.e.m.c.i.embedder.EclipseLogger - Using 'UTF-8' encoding to copy filtered resources.
2016-04-20 16:06:30,755 [Worker-28] INFO  o.e.m.c.i.embedder.EclipseLogger - skip non existing resourceDirectory /home/bizruntime/Chinna/BizRuntime/workspace/Sqoop/LinkCreation/src/main/resources
2016-04-20 16:06:30,757 [Worker-28] INFO  o.e.m.c.i.embedder.EclipseLogger - Using 'UTF-8' encoding to copy filtered resources.
2016-04-20 16:06:30,757 [Worker-28] INFO  o.e.m.c.i.embedder.EclipseLogger - skip non existing resourceDirectory /home/bizruntime/Chinna/BizRuntime/workspace/Sqoop/LinkCreation/src/test/resources
2016-04-20 16:09:47,747 [Worker-19] INFO  o.e.m.c.i.embedder.EclipseLogger - Using 'UTF-8' encoding to copy filtered resources.
2016-04-20 16:09:47,748 [Worker-19] INFO  o.e.m.c.i.embedder.EclipseLogger - skip non existing resourceDirectory /home/bizruntime/Chinna/BizRuntime/workspace/Sqoop/LinkCreation/src/main/resources
2016-04-20 16:09:47,750 [Worker-19] INFO  o.e.m.c.i.embedder.EclipseLogger - Using 'UTF-8' encoding to copy filtered resources.
2016-04-20 16:09:47,751 [Worker-19] INFO  o.e.m.c.i.embedder.EclipseLogger - skip non existing resourceDirectory /home/bizruntime/Chinna/BizRuntime/workspace/Sqoop/LinkCreation/src/test/resources
2016-04-20 16:11:22,151 [Worker-26] INFO  o.e.m.c.i.embedder.EclipseLogger - Using 'UTF-8' encoding to copy filtered resources.
2016-04-20 16:11:22,152 [Worker-26] INFO  o.e.m.c.i.embedder.EclipseLogger - skip non existing resourceDirectory /home/bizruntime/Chinna/BizRuntime/workspace/Sqoop/LinkCreation/src/main/resources
2016-04-20 16:11:22,154 [Worker-26] INFO  o.e.m.c.i.embedder.EclipseLogger - Using 'UTF-8' encoding to copy filtered resources.
2016-04-20 16:11:22,155 [Worker-26] INFO  o.e.m.c.i.embedder.EclipseLogger - skip non existing resourceDirectory /home/bizruntime/Chinna/BizRuntime/workspace/Sqoop/LinkCreation/src/test/resources
2016-04-20 16:11:57,709 [Worker-26] INFO  o.e.m.c.i.embedder.EclipseLogger - Using 'UTF-8' encoding to copy filtered resources.
2016-04-20 16:11:57,710 [Worker-26] INFO  o.e.m.c.i.embedder.EclipseLogger - skip non existing resourceDirectory /home/bizruntime/Chinna/BizRuntime/workspace/Sqoop/LinkCreation/src/main/resources
2016-04-20 16:11:57,725 [Worker-26] INFO  o.e.m.c.i.embedder.EclipseLogger - Using 'UTF-8' encoding to copy filtered resources.
2016-04-20 16:11:57,725 [Worker-26] INFO  o.e.m.c.i.embedder.EclipseLogger - skip non existing resourceDirectory /home/bizruntime/Chinna/BizRuntime/workspace/Sqoop/LinkCreation/src/test/resources
2016-04-20 16:12:56,732 [Worker-19] INFO  o.e.m.c.i.embedder.EclipseLogger - Using 'UTF-8' encoding to copy filtered resources.
2016-04-20 16:12:56,738 [Worker-19] INFO  o.e.m.c.i.embedder.EclipseLogger - skip non existing resourceDirectory /home/bizruntime/Chinna/BizRuntime/workspace/Sqoop/LinkCreation/src/main/resources
2016-04-20 16:12:56,742 [Worker-19] INFO  o.e.m.c.i.embedder.EclipseLogger - Using 'UTF-8' encoding to copy filtered resources.
2016-04-20 16:12:56,743 [Worker-19] INFO  o.e.m.c.i.embedder.EclipseLogger - skip non existing resourceDirectory /home/bizruntime/Chinna/BizRuntime/workspace/Sqoop/LinkCreation/src/test/resources
2016-04-20 16:13:08,667 [Worker-26] INFO  o.e.m.c.i.embedder.EclipseLogger - Using 'UTF-8' encoding to copy filtered resources.
2016-04-20 16:13:08,668 [Worker-26] INFO  o.e.m.c.i.embedder.EclipseLogger - skip non existing resourceDirectory /home/bizruntime/Chinna/BizRuntime/workspace/Sqoop/LinkCreation/src/main/resources
2016-04-20 16:13:08,677 [Worker-26] INFO  o.e.m.c.i.embedder.EclipseLogger - Using 'UTF-8' encoding to copy filtered resources.
2016-04-20 16:13:08,677 [Worker-26] INFO  o.e.m.c.i.embedder.EclipseLogger - skip non existing resourceDirectory /home/bizruntime/Chinna/BizRuntime/workspace/Sqoop/LinkCreation/src/test/resources
2016-04-20 16:48:45,357 [Worker-38] INFO  o.e.m.c.i.embedder.EclipseLogger - Using 'UTF-8' encoding to copy filtered resources.
2016-04-20 16:48:45,377 [Worker-38] INFO  o.e.m.c.i.embedder.EclipseLogger - skip non existing resourceDirectory /home/bizruntime/Chinna/BizRuntime/workspace/Sqoop/LinkCreation/src/main/resources
2016-04-20 16:48:45,380 [Worker-38] INFO  o.e.m.c.i.embedder.EclipseLogger - Using 'UTF-8' encoding to copy filtered resources.
2016-04-20 16:48:45,380 [Worker-38] INFO  o.e.m.c.i.embedder.EclipseLogger - skip non existing resourceDirectory /home/bizruntime/Chinna/BizRuntime/workspace/Sqoop/LinkCreation/src/test/resources
2016-04-20 16:48:58,360 [Worker-35] INFO  o.e.m.c.i.embedder.EclipseLogger - Using 'UTF-8' encoding to copy filtered resources.
2016-04-20 16:48:58,361 [Worker-35] INFO  o.e.m.c.i.embedder.EclipseLogger - skip non existing resourceDirectory /home/bizruntime/Chinna/BizRuntime/workspace/Sqoop/LinkCreation/src/main/resources
2016-04-20 16:48:58,376 [Worker-35] INFO  o.e.m.c.i.embedder.EclipseLogger - Using 'UTF-8' encoding to copy filtered resources.
2016-04-20 16:48:58,377 [Worker-35] INFO  o.e.m.c.i.embedder.EclipseLogger - skip non existing resourceDirectory /home/bizruntime/Chinna/BizRuntime/workspace/Sqoop/LinkCreation/src/test/resources
2016-04-20 17:03:16,129 [Worker-40] INFO  o.e.m.c.i.embedder.EclipseLogger - Using 'UTF-8' encoding to copy filtered resources.
2016-04-20 17:03:16,130 [Worker-40] INFO  o.e.m.c.i.embedder.EclipseLogger - skip non existing resourceDirectory /home/bizruntime/Chinna/BizRuntime/workspace/Sqoop/LinkCreation/src/main/resources
2016-04-20 17:03:16,137 [Worker-40] INFO  o.e.m.c.i.embedder.EclipseLogger - Using 'UTF-8' encoding to copy filtered resources.
2016-04-20 17:03:16,137 [Worker-40] INFO  o.e.m.c.i.embedder.EclipseLogger - skip non existing resourceDirectory /home/bizruntime/Chinna/BizRuntime/workspace/Sqoop/LinkCreation/src/test/resources
2016-04-20 17:05:07,839 [Worker-44] INFO  o.e.m.c.i.embedder.EclipseLogger - Using 'UTF-8' encoding to copy filtered resources.
2016-04-20 17:05:07,840 [Worker-44] INFO  o.e.m.c.i.embedder.EclipseLogger - skip non existing resourceDirectory /home/bizruntime/Chinna/BizRuntime/workspace/Sqoop/LinkCreation/src/main/resources
2016-04-20 17:05:07,843 [Worker-44] INFO  o.e.m.c.i.embedder.EclipseLogger - Using 'UTF-8' encoding to copy filtered resources.
2016-04-20 17:05:07,843 [Worker-44] INFO  o.e.m.c.i.embedder.EclipseLogger - skip non existing resourceDirectory /home/bizruntime/Chinna/BizRuntime/workspace/Sqoop/LinkCreation/src/test/resources
2016-04-20 17:06:21,019 [Worker-44] INFO  o.e.m.c.i.embedder.EclipseLogger - Using 'UTF-8' encoding to copy filtered resources.
2016-04-20 17:06:21,030 [Worker-44] INFO  o.e.m.c.i.embedder.EclipseLogger - skip non existing resourceDirectory /home/bizruntime/Chinna/BizRuntime/workspace/Sqoop/LinkCreation/src/main/resources
2016-04-20 17:06:21,035 [Worker-44] INFO  o.e.m.c.i.embedder.EclipseLogger - Using 'UTF-8' encoding to copy filtered resources.
2016-04-20 17:06:21,040 [Worker-44] INFO  o.e.m.c.i.embedder.EclipseLogger - skip non existing resourceDirectory /home/bizruntime/Chinna/BizRuntime/workspace/Sqoop/LinkCreation/src/test/resources
2016-04-20 17:07:03,001 [Worker-46] INFO  o.e.m.c.i.embedder.EclipseLogger - Using 'UTF-8' encoding to copy filtered resources.
2016-04-20 17:07:03,002 [Worker-46] INFO  o.e.m.c.i.embedder.EclipseLogger - skip non existing resourceDirectory /home/bizruntime/Chinna/BizRuntime/workspace/Sqoop/LinkCreation/src/main/resources
2016-04-20 17:07:03,016 [Worker-46] INFO  o.e.m.c.i.embedder.EclipseLogger - Using 'UTF-8' encoding to copy filtered resources.
2016-04-20 17:07:03,017 [Worker-46] INFO  o.e.m.c.i.embedder.EclipseLogger - skip non existing resourceDirectory /home/bizruntime/Chinna/BizRuntime/workspace/Sqoop/LinkCreation/src/test/resources
2016-04-20 17:10:55,929 [Worker-45] INFO  o.e.m.c.i.embedder.EclipseLogger - Using 'UTF-8' encoding to copy filtered resources.
2016-04-20 17:10:55,951 [Worker-45] INFO  o.e.m.c.i.embedder.EclipseLogger - skip non existing resourceDirectory /home/bizruntime/Chinna/BizRuntime/workspace/Sqoop/LinkCreation/src/main/resources
2016-04-20 17:10:55,960 [Worker-45] INFO  o.e.m.c.i.embedder.EclipseLogger - Using 'UTF-8' encoding to copy filtered resources.
2016-04-20 17:10:55,963 [Worker-45] INFO  o.e.m.c.i.embedder.EclipseLogger - skip non existing resourceDirectory /home/bizruntime/Chinna/BizRuntime/workspace/Sqoop/LinkCreation/src/test/resources
2016-04-20 17:11:30,046 [Worker-45] INFO  o.e.m.c.i.embedder.EclipseLogger - Using 'UTF-8' encoding to copy filtered resources.
2016-04-20 17:11:30,047 [Worker-45] INFO  o.e.m.c.i.embedder.EclipseLogger - skip non existing resourceDirectory /home/bizruntime/Chinna/BizRuntime/workspace/Sqoop/LinkCreation/src/main/resources
2016-04-20 17:11:30,058 [Worker-45] INFO  o.e.m.c.i.embedder.EclipseLogger - Using 'UTF-8' encoding to copy filtered resources.
2016-04-20 17:11:30,059 [Worker-45] INFO  o.e.m.c.i.embedder.EclipseLogger - skip non existing resourceDirectory /home/bizruntime/Chinna/BizRuntime/workspace/Sqoop/LinkCreation/src/test/resources
2016-04-20 17:12:22,657 [Worker-49] INFO  o.e.m.c.i.embedder.EclipseLogger - Using 'UTF-8' encoding to copy filtered resources.
2016-04-20 17:12:22,657 [Worker-49] INFO  o.e.m.c.i.embedder.EclipseLogger - skip non existing resourceDirectory /home/bizruntime/Chinna/BizRuntime/workspace/Sqoop/LinkCreation/src/main/resources
2016-04-20 17:12:22,676 [Worker-49] INFO  o.e.m.c.i.embedder.EclipseLogger - Using 'UTF-8' encoding to copy filtered resources.
2016-04-20 17:12:22,676 [Worker-49] INFO  o.e.m.c.i.embedder.EclipseLogger - skip non existing resourceDirectory /home/bizruntime/Chinna/BizRuntime/workspace/Sqoop/LinkCreation/src/test/resources
2016-04-20 17:12:32,778 [Worker-43] INFO  o.e.m.c.i.embedder.EclipseLogger - Using 'UTF-8' encoding to copy filtered resources.
2016-04-20 17:12:32,779 [Worker-43] INFO  o.e.m.c.i.embedder.EclipseLogger - skip non existing resourceDirectory /home/bizruntime/Chinna/BizRuntime/workspace/Sqoop/LinkCreation/src/main/resources
2016-04-20 17:12:32,796 [Worker-43] INFO  o.e.m.c.i.embedder.EclipseLogger - Using 'UTF-8' encoding to copy filtered resources.
2016-04-20 17:12:32,796 [Worker-43] INFO  o.e.m.c.i.embedder.EclipseLogger - skip non existing resourceDirectory /home/bizruntime/Chinna/BizRuntime/workspace/Sqoop/LinkCreation/src/test/resources
2016-04-20 17:13:27,534 [Worker-48] INFO  o.e.m.c.i.embedder.EclipseLogger - Using 'UTF-8' encoding to copy filtered resources.
2016-04-20 17:13:27,534 [Worker-48] INFO  o.e.m.c.i.embedder.EclipseLogger - skip non existing resourceDirectory /home/bizruntime/Chinna/BizRuntime/workspace/Sqoop/LinkCreation/src/main/resources
2016-04-20 17:13:27,568 [Worker-48] INFO  o.e.m.c.i.embedder.EclipseLogger - Using 'UTF-8' encoding to copy filtered resources.
2016-04-20 17:13:27,569 [Worker-48] INFO  o.e.m.c.i.embedder.EclipseLogger - skip non existing resourceDirectory /home/bizruntime/Chinna/BizRuntime/workspace/Sqoop/LinkCreation/src/test/resources
2016-04-20 17:14:20,382 [Worker-48] INFO  o.e.m.c.i.embedder.EclipseLogger - Using 'UTF-8' encoding to copy filtered resources.
2016-04-20 17:14:20,382 [Worker-48] INFO  o.e.m.c.i.embedder.EclipseLogger - skip non existing resourceDirectory /home/bizruntime/Chinna/BizRuntime/workspace/Sqoop/LinkCreation/src/main/resources
2016-04-20 17:14:20,393 [Worker-48] INFO  o.e.m.c.i.embedder.EclipseLogger - Using 'UTF-8' encoding to copy filtered resources.
2016-04-20 17:14:20,393 [Worker-48] INFO  o.e.m.c.i.embedder.EclipseLogger - skip non existing resourceDirectory /home/bizruntime/Chinna/BizRuntime/workspace/Sqoop/LinkCreation/src/test/resources
2016-04-20 17:15:00,342 [Worker-48] INFO  o.e.m.c.i.embedder.EclipseLogger - Using 'UTF-8' encoding to copy filtered resources.
2016-04-20 17:15:00,433 [Worker-48] INFO  o.e.m.c.i.embedder.EclipseLogger - Copying 0 resource
2016-04-20 17:15:00,486 [Worker-48] INFO  o.e.m.c.i.embedder.EclipseLogger - Using 'UTF-8' encoding to copy filtered resources.
2016-04-20 17:15:00,487 [Worker-48] INFO  o.e.m.c.i.embedder.EclipseLogger - skip non existing resourceDirectory /home/bizruntime/Chinna/BizRuntime/workspace/Sqoop/LinkCreation/src/test/resources
2016-04-20 17:16:08,091 [Worker-43] INFO  o.e.m.c.i.embedder.EclipseLogger - Using 'UTF-8' encoding to copy filtered resources.
2016-04-20 17:16:08,131 [Worker-43] INFO  o.e.m.c.i.embedder.EclipseLogger - Copying 1 resource
2016-04-20 17:16:08,182 [Worker-43] INFO  o.e.m.c.i.embedder.EclipseLogger - Using 'UTF-8' encoding to copy filtered resources.
2016-04-20 17:16:08,191 [Worker-43] INFO  o.e.m.c.i.embedder.EclipseLogger - skip non existing resourceDirectory /home/bizruntime/Chinna/BizRuntime/workspace/Sqoop/LinkCreation/src/test/resources
2016-04-20 17:16:18,479 [Worker-45] INFO  o.e.m.c.i.embedder.EclipseLogger - Using 'UTF-8' encoding to copy filtered resources.
2016-04-20 17:16:18,486 [Worker-45] INFO  o.e.m.c.i.embedder.EclipseLogger - Copying 1 resource
2016-04-20 17:16:18,489 [Worker-45] INFO  o.e.m.c.i.embedder.EclipseLogger - Using 'UTF-8' encoding to copy filtered resources.
2016-04-20 17:16:18,489 [Worker-45] INFO  o.e.m.c.i.embedder.EclipseLogger - skip non existing resourceDirectory /home/bizruntime/Chinna/BizRuntime/workspace/Sqoop/LinkCreation/src/test/resources
2016-04-20 17:22:20,675 [Worker-48] INFO  o.e.m.c.i.embedder.EclipseLogger - Using 'UTF-8' encoding to copy filtered resources.
2016-04-20 17:22:20,684 [Worker-48] INFO  o.e.m.c.i.embedder.EclipseLogger - Copying 1 resource
2016-04-20 17:22:20,687 [Worker-48] INFO  o.e.m.c.i.embedder.EclipseLogger - Using 'UTF-8' encoding to copy filtered resources.
2016-04-20 17:22:20,687 [Worker-48] INFO  o.e.m.c.i.embedder.EclipseLogger - skip non existing resourceDirectory /home/bizruntime/Chinna/BizRuntime/workspace/Sqoop/LinkCreation/src/test/resources
